Divz_2_ASIC_680ks.mtx generated already, checking for all
Divz_2_BenElechi1.mtx generated already, checking for all
Divz_2_Chebyshev4.mtx generated already, checking for all
Divz_2_CurlCurl_1.mtx generated already, checking for all
Divz_2_CurlCurl_2.mtx generated already, checking for all
Divz_2_CurlCurl_3.mtx generated already, checking for all
Divz_2_CurlCurl_4.mtx generated already, checking for all
Divz_2_Emilia_923.mtx generated already, checking for all
Divz_2_F1.mtx generated already, checking for all
Divz_2_F2.mtx generated already, checking for all
Divz_2_FEM_3D_thermal1.mtx generated already, checking for all
Divz_2_FEM_3D_thermal2.mtx generated already, checking for all
Divz_2_Freescale1.mtx generated already, checking for all
Divz_2_FullChip.mtx generated already, checking for all
Divz_2_G2_circuit.mtx generated already, checking for all
Divz_2_G3_circuit.mtx generated already, checking for all
Divz_2_GL7d17.mtx generated already, checking for all
Divz_2_GL7d18.mtx generated already, checking for all
Divz_2_GL7d19.mtx generated already, checking for all
Divz_2_GL7d20.mtx generated already, checking for all
Divz_2_Ga41As41H72.mtx generated already, checking for all
Divz_2_Ge87H76.mtx generated already, checking for all
Divz_2_Ge99H100.mtx generated already, checking for all
Divz_2_Geo_1438.mtx generated already, checking for all
Divz_2_Hamrle3.mtx generated already, checking for all
Divz_2_Hook_1498.mtx generated already, checking for all
Divz_2_RM07R.mtx generated already, checking for all
Divz_2_Serena.mtx generated already, checking for all
Divz_2_Si41Ge41H72.mtx generated already, checking for all
Divz_2_SiO2.mtx generated already, checking for all
Divz_2_Stanford_Berkeley.mtx generated already, checking for all
Divz_2_StocF-1465.mtx generated already, checking for all
Divz_2_TSOPF_FS_b300_c2.mtx generated already, checking for all
Divz_2_TSOPF_FS_b300_c3.mtx generated already, checking for all
Divz_2_TSOPF_RS_b2383.mtx generated already, checking for all
Divz_2_TSOPF_RS_b678_c2.mtx generated already, checking for all
Divz_2_adaptive.mtx generated already, checking for all
Divz_2_af_0_k101.mtx generated already, checking for all
Divz_2_af_1_k101.mtx generated already, checking for all
Divz_2_af_2_k101.mtx generated already, checking for all
Divz_2_af_3_k101.mtx generated already, checking for all
Divz_2_af_shell10.mtx generated already, checking for all
Divz_2_af_shell5.mtx generated already, checking for all
Divz_2_af_shell6.mtx generated already, checking for all
Divz_2_amazon-2008.mtx generated already, checking for all
Divz_2_apache2.mtx generated already, checking for all
Divz_2_atmosmodd.mtx generated already, checking for all
Divz_2_atmosmodj.mtx generated already, checking for all
Divz_2_atmosmodl.mtx generated already, checking for all
Divz_2_atmosmodm.mtx generated already, checking for all
Divz_2_barrier2-10.mtx generated already, checking for all
Divz_2_barrier2-11.mtx generated already, checking for all
Divz_2_barrier2-12.mtx generated already, checking for all
Divz_2_bcsstk32.mtx generated already, checking for all
Divz_2_bmw3_2.mtx generated already, checking for all
Divz_2_bmwcra_1.mtx generated already, checking for all
bone010.mtx too large for div, terminating
Divz_2_boneS10.mtx generated already, checking for all
Divz_2_cage12.mtx generated already, checking for all
Divz_2_cage13.mtx generated already, checking for all
Divz_2_cage14.mtx generated already, checking for all
Divz_2_cage15.mtx generated already, checking for all
Divz_2_caidaRouterLevel.mtx generated already, checking for all
Divz_2_channel-500x100x100-b050.mtx generated already, checking for all
Divz_2_circuit5M.mtx generated already, checking for all
Divz_2_circuit5M_dc.mtx generated already, checking for all
Divz_2_circuit_4.mtx generated already, checking for all
Divz_2_citationCiteseer.mtx generated already, checking for all
Divz_2_cnr-2000.mtx generated already, checking for all
Divz_2_coAuthorsCiteseer.mtx generated already, checking for all
Divz_2_coAuthorsDBLP.mtx generated already, checking for all
Divz_2_coPapersCiteseer.mtx generated already, checking for all
Divz_2_coPapersDBLP.mtx generated already, checking for all
Divz_2_consph.mtx generated already, checking for all
Divz_2_crankseg_1.mtx generated already, checking for all
Divz_2_crankseg_2.mtx generated already, checking for all
Divz_2_crplat2.mtx generated already, checking for all
Divz_2_dblp-2010.mtx generated already, checking for all
Divz_2_debr.mtx generated already, checking for all
Divz_2_debr_G_17.mtx generated already, checking for all
Divz_2_debr_G_18.mtx generated already, checking for all
Divz_2_delaunay_n19.mtx generated already, checking for all
Divz_2_delaunay_n20.mtx generated already, checking for all
Divz_2_delaunay_n21.mtx generated already, checking for all
Divz_2_delaunay_n22.mtx generated already, checking for all
Divz_2_dictionary28.mtx generated already, checking for all
Divz_2_dielFilterV3real.mtx generated already, checking for all
Divz_2_ecology2.mtx generated already, checking for all
Divz_2_enron.mtx generated already, checking for all
Divz_2_epb3.mtx generated already, checking for all
Divz_2_eu-2005.mtx generated already, checking for all
Divz_2_ex3sta1.mtx generated already, checking for all
Divz_2_fcondp2.mtx generated already, checking for all
Divz_2_finance256.mtx generated already, checking for all
Divz_2_flickr.mtx generated already, checking for all
Divz_2_ford2.mtx generated already, checking for all
Divz_2_fullb.mtx generated already, checking for all
Divz_2_fxm4_6.mtx generated already, checking for all
Divz_2_gearbox.mtx generated already, checking for all
Divz_2_gsm_106857.mtx generated already, checking for all
Divz_2_gupta1.mtx generated already, checking for all
Divz_2_gupta2.mtx generated already, checking for all
Divz_2_gupta3.mtx generated already, checking for all
Divz_2_halfb.mtx generated already, checking for all
hollywood-2009.mtx too large for div, terminating
Divz_2_hood.mtx generated already, checking for all
Divz_2_hugebubbles-00000.mtx generated already, checking for all
hugebubbles-00010.mtx: nnz= 58359528, density= 1.5413862802122943e-07
Created hugebubbles-00010.mtx: nnz= 56503968, divz= 2, density= 1.4923774066979174e-07
hugebubbles-00020.mtx too large for div, terminating
hugetrace-00000.mtx: nnz= 13758266, density= 6.534694041437605e-07
Created hugetrace-00000.mtx: nnz= 13123392, divz= 2, density= 6.23315114752469e-07
hugetrace-00010.mtx: nnz= 36164358, density= 2.487542267110639e-07
Created hugetrace-00010.mtx: nnz= 35656216, divz= 2, density= 2.4525900441873365e-07
hugetrace-00020.mtx: nnz= 47997626, density= 1.8743418746262655e-07
Created hugetrace-00020.mtx: nnz= 47112992, divz= 2, density= 1.839796279602084e-07
hugetric-00000.mtx: nnz= 17467046, density= 5.148658796945014e-07
Created hugetric-00000.mtx: nnz= 16665272, divz= 2, density= 4.912324573158017e-07
hugetric-00010.mtx: nnz= 19771708, density= 4.5489273081073327e-07
Created hugetric-00010.mtx: nnz= 19025640, divz= 2, density= 4.3772775397158e-07
hugetric-00020.mtx: nnz= 21361554, density= 4.210486884227077e-07
Created hugetric-00020.mtx: nnz= 20563200, divz= 2, density= 4.05312665444369e-07
human_gene1.mtx: nnz= 24669643, density= 0.049683884579713435
Created human_gene1.mtx: nnz= 16535247, divz= 2, density= 0.033301467047782286
human_gene2.mtx: nnz= 18068388, density= 0.08786605043095651
Created human_gene2.mtx: nnz= 12453230, divz= 2, density= 0.06055969880701591
in-2004.mtx: nnz= 16917053, density= 8.845820694745882e-06
Created in-2004.mtx: nnz= 16917053, divz= 2, density= 8.845820694745882e-06
indochina-2004.mtx too large for div, terminating
inline_1.mtx too large for div, terminating
ins2.mtx: nnz= 2751484, density= 2.8740391888123636e-05
Created ins2.mtx: nnz= 1535996, divz= 2, density= 1.6044115458636268e-05
kim2.mtx: nnz= 11330020, density= 5.425551531361291e-05
Created kim2.mtx: nnz= 11325982, divz= 2, density= 5.423617873955246e-05
kkt_power.mtx: nnz= 14612663, density= 3.4318077272193973e-06
Created kkt_power.mtx: nnz= 13445297, divz= 2, density= 3.157649919070862e-06
language.mtx: nnz= 1216334, density= 7.635264782228233e-06
Created language.mtx: nnz= 1216334, divz= 2, density= 7.635264782228233e-06
large-dense.mtx too large for div, terminating
largebasis.mtx: nnz= 5560100, density= 2.8716914105500916e-05
Created largebasis.mtx: nnz= 3130860, divz= 2, density= 1.6170327457482526e-05
ldoor.mtx too large for div, terminating
lp1.mtx: nnz= 1643420, density= 5.754865440246553e-06
Created lp1.mtx: nnz= 1468874, divz= 2, density= 5.14364691842421e-06
m_t1.mtx: nnz= 9753570, density= 0.0010243769093910896
Created m_t1.mtx: nnz= 9746742, divz= 2, density= 0.0010236597929365685
memchip.mtx: nnz= 14810202, density= 2.0203022711070737e-06
Created memchip.mtx: nnz= 14810202, divz= 2, density= 2.0203022711070737e-06
mip1.mtx: nnz= 10352819, density= 0.0023436823002087755
Created mip1.mtx: nnz= 10191763, divz= 2, density= 0.0023072222697047722
mono_500Hz.mtx: nnz= 5036288, density= 0.00017548195832422654
Created mono_500Hz.mtx: nnz= 4169252, divz= 2, density= 0.00014527137957702144
mouse_gene.mtx: nnz= 28967291, density= 0.014240837784568902
Created mouse_gene.mtx: nnz= 22225543, divz= 2, density= 0.010926474019850902
msdoor.mtx: nnz= 20240935, density= 0.00011703883921012015
Created msdoor.mtx: nnz= 18523883, divz= 2, density= 0.00010711035651189425
nd12k.mtx: nnz= 14220946, density= 0.010972952160493828
Created nd12k.mtx: nnz= 12200218, divz= 2, density= 0.009413748456790123
nd24k.mtx: nnz= 28715634, density= 0.00553928125
Created nd24k.mtx: nnz= 25390804, divz= 2, density= 0.004897917438271605
net125.mtx: nnz= 2577200, density= 0.001911361252319858
Created net125.mtx: nnz= 2255950, divz= 2, density= 0.00167310857410018
net50.mtx: nnz= 945200, density= 0.003548815359477124
Created net50.mtx: nnz= 782868, divz= 2, density= 0.0029393292243367936
net75.mtx: nnz= 1489200, density= 0.002785975982088337
Created net75.mtx: nnz= 1273902, divz= 2, density= 0.0023831992852097078
nlpkkt120.mtx too large for div, terminating
nlpkkt160.mtx too large for div, terminating
nlpkkt80.mtx: nnz= 28704672, density= 2.5431762819349687e-05
Created nlpkkt80.mtx: nnz= 14943478, divz= 2, density= 1.323962134777816e-05
offshore.mtx: nnz= 4242673, density= 6.286342568526053e-05
Created offshore.mtx: nnz= 4211787, divz= 2, density= 6.240578971715388e-05
ohne2.mtx: nnz= 11063545, density= 0.0003364284498223092
Created ohne2.mtx: nnz= 11063545, divz= 2, density= 0.0003364284498223092
onetone1.mtx: nnz= 341088, density= 0.0002623537406335929
Created onetone1.mtx: nnz= 341088, divz= 2, density= 0.0002623537406335929
onetone2.mtx: nnz= 227628, density= 0.0001750840172417191
Created onetone2.mtx: nnz= 227628, divz= 2, density= 0.0001750840172417191
opt1.mtx: nnz= 1930655, density= 0.008089169351991735
Created opt1.mtx: nnz= 1919799, divz= 2, density= 0.008043684258857424
packing-500x100x100-b050.mtx: nnz= 34976486, density= 7.595854625830758e-06
Created packing-500x100x100-b050.mtx: nnz= 34926250, divz= 2, density= 7.5849448576801425e-06
parabolic_fem.mtx: nnz= 3674625, density= 1.3290170862106693e-05
Created parabolic_fem.mtx: nnz= 3127239, divz= 2, density= 1.1310416882442065e-05
patents.mtx: nnz= 14970767, density= 1.0506632014464458e-06
Created patents.mtx: nnz= 14970767, divz= 2, density= 1.0506632014464458e-06
pattern1.mtx: nnz= 9323432, density= 0.02518113996833811
Created pattern1.mtx: nnz= 6694108, divz= 2, density= 0.018079744723957
pct20stif.mtx: nnz= 2698463, density= 0.0009854431990181545
Created pct20stif.mtx: nnz= 2662393, divz= 2, density= 0.0009722709093893604
pfinan512.mtx: nnz= 596992, density= 0.0001068372935822856
Created pfinan512.mtx: nnz= 416174, divz= 2, density= 7.447822386114743e-05
pkustk03.mtx: nnz= 3130416, density= 0.0007803704050976399
Created pkustk03.mtx: nnz= 3060924, divz= 2, density= 0.0007630469885961125
pkustk04.mtx: nnz= 4218660, density= 0.0013651525261030013
Created pkustk04.mtx: nnz= 3964830, divz= 2, density= 0.001283013490081913
pkustk07.mtx: nnz= 2418804, density= 0.008509137422271754
Created pkustk07.mtx: nnz= 2039550, divz= 2, density= 0.007174955568782901
pkustk08.mtx: nnz= 3226671, density= 0.006541791190559139
Created pkustk08.mtx: nnz= 2762667, divz= 2, density= 0.0056010639581935825
pkustk09.mtx: nnz= 1583640, density= 0.0013731598596561326
Created pkustk09.mtx: nnz= 1527984, divz= 2, density= 0.0013249010475845622
pkustk10.mtx: nnz= 4308984, density= 0.0006620429525794852
Created pkustk10.mtx: nnz= 4152012, divz= 2, density= 0.000637925386500728
pkustk11.mtx: nnz= 5217912, density= 0.0006768121528420422
Created pkustk11.mtx: nnz= 4997478, divz= 2, density= 0.0006482197944236591
pkustk12.mtx: nnz= 7512317, density= 0.0008385040005906632
Created pkustk12.mtx: nnz= 6976631, divz= 2, density= 0.0007787122141071575
pkustk13.mtx: nnz= 6616827, density= 0.0007348207748909119
Created pkustk13.mtx: nnz= 6321151, divz= 2, density= 0.0007019849659092588
pkustk14.mtx: nnz= 14836504, density= 0.0006427874232154053
Created pkustk14.mtx: nnz= 14313766, divz= 2, density= 0.0006201399442650559
pli.mtx: nnz= 1350309, density= 0.002621638390758102
Created pli.mtx: nnz= 1348681, divz= 2, density= 0.0026184776125213025
poisson3Db.mtx: nnz= 2374949, density= 0.0003239465860221328
Created poisson3Db.mtx: nnz= 1858633, divz= 2, density= 0.00025352031349644763
pre2.mtx: nnz= 5959282, density= 1.3720805681887336e-05
Created pre2.mtx: nnz= 5959282, divz= 2, density= 1.3720805681887336e-05
pwt.mtx: nnz= 326107, density= 0.0002445244933416349
Created pwt.mtx: nnz= 288285, divz= 2, density= 0.00021616446001770343
pwtk.mtx: nnz= 11634424, density= 0.000244995821969429
Created pwtk.mtx: nnz= 11276970, divz= 2, density= 0.00023746861335589899
rail4284.mtx: nnz= 11284032, density= 0.0024013208183827277
Created rail4284.mtx: nnz= 11284032, divz= 2, density= 0.0024013208183827277
rajat29.mtx: nnz= 4866270, density= 1.1733634594309956e-05
Created rajat29.mtx: nnz= 4866270, divz= 2, density= 1.1733634594309956e-05
rajat30.mtx: nnz= 6175377, density= 1.4890176089716772e-05
Created rajat30.mtx: nnz= 6175377, divz= 2, density= 1.4890176089716772e-05
rajat31.mtx too large for div, terminating
rgg_n_2_18_s0.mtx: nnz= 3094566, density= 4.5031862100586295e-05
Created rgg_n_2_18_s0.mtx: nnz= 3092384, divz= 2, density= 4.5000109821558e-05
rgg_n_2_19_s0.mtx: nnz= 6539532, density= 2.3790678824298084e-05
Created rgg_n_2_19_s0.mtx: nnz= 6536068, divz= 2, density= 2.3778076865710318e-05
rgg_n_2_22_s0.mtx: nnz= 60718396, density= 3.45144121638441e-06
Created rgg_n_2_22_s0.mtx: nnz= 60705006, divz= 2, density= 3.4506800830058637e-06
rma10.mtx: nnz= 2374001, density= 0.0010822805369125833
Created rma10.mtx: nnz= 2374001, divz= 2, density= 0.0010822805369125833
s3dkq4m2.mtx: nnz= 4820891, density= 0.0005892773830851054
Created s3dkq4m2.mtx: nnz= 4811343, divz= 2, density= 0.0005881102916794511
soc-LiveJournal1.mtx too large for div, terminating
spal_004.mtx too large for div, terminating
stomach.mtx: nnz= 3021648, density= 6.637703751597979e-05
Created stomach.mtx: nnz= 3018993, divz= 2, density= 6.631871469525252e-05
struct3.mtx: nnz= 1173694, density= 0.00040898896623180685
Created struct3.mtx: nnz= 1170778, divz= 2, density= 0.0004079728480395592
struct4.mtx: nnz= 237798, density= 0.012566944114149822
Created struct4.mtx: nnz= 229776, divz= 2, density= 0.01214300435988902
tandem_dual.mtx: nnz= 460493, density= 5.2039124119923765e-05
Created tandem_dual.mtx: nnz= 459673, divz= 2, density= 5.194645803861887e-05
tandem_vtx.mtx: nnz= 253350, density= 0.0007439433672076623
Created tandem_vtx.mtx: nnz= 219908, divz= 2, density= 0.0006457434300213247
ted_A.mtx: nnz= 424587, density= 0.003775246791197608
Created ted_A.mtx: nnz= 424587, divz= 2, density= 0.003775246791197608
thermal2.mtx: nnz= 8580313, density= 5.689506111645277e-06
Created thermal2.mtx: nnz= 8395053, divz= 2, density= 5.566662352653804e-06
thermomech_TC.mtx: nnz= 711558, density= 6.81813414957612e-05
Created thermomech_TC.mtx: nnz= 684406, divz= 2, density= 6.557964242935634e-05
thermomech_TK.mtx: nnz= 711558, density= 6.81813414957612e-05
Created thermomech_TK.mtx: nnz= 684406, divz= 2, density= 6.557964242935634e-05
thermomech_dK.mtx: nnz= 2846228, density= 6.818124567596647e-05
Created thermomech_dK.mtx: nnz= 2668216, divz= 2, density= 6.391697735126791e-05
thermomech_dM.mtx: nnz= 1423116, density= 3.40906707478806e-05
Created thermomech_dM.mtx: nnz= 1368818, divz= 2, density= 3.278996494437026e-05
torso3.mtx: nnz= 4429042, density= 6.594581842023316e-05
Created torso3.mtx: nnz= 4429042, divz= 2, density= 6.594581842023316e-05
trdheim.mtx: nnz= 1935324, density= 0.00396321601204439
Created trdheim.mtx: nnz= 1931094, divz= 2, density= 0.003954553687942096
troll.mtx: nnz= 11985111, density= 0.00026304953265787653
Created troll.mtx: nnz= 11873505, divz= 2, density= 0.0002606000012232645
tsyl201.mtx: nnz= 2454957, density= 0.005737633969818699
Created tsyl201.mtx: nnz= 2330079, divz= 2, density= 0.005445773764168245
twotone.mtx: nnz= 1224224, density= 8.396274149231211e-05
Created twotone.mtx: nnz= 1224224, divz= 2, density= 8.396274149231211e-05
usroads.mtx: nnz= 330870, density= 1.9832361019731453e-05
Created usroads.mtx: nnz= 330870, divz= 2, density= 1.9832361019731453e-05
venturiLevel3.mtx: nnz= 16108474, density= 9.934137852486866e-07
Created venturiLevel3.mtx: nnz= 16091340, divz= 2, density= 9.923571270080333e-07
wave.mtx: nnz= 2118662, density= 8.670602049423671e-05
Created wave.mtx: nnz= 2057046, divz= 2, density= 8.418439214635824e-05
wb-edu.mtx too large for div, terminating
web-BerkStan.mtx: nnz= 7600595, density= 1.6187316362736568e-05
Created web-BerkStan.mtx: nnz= 7600595, divz= 2, density= 1.6187316362736568e-05
web-Google.mtx: nnz= 5105039, density= 6.078583186031663e-06
Created web-Google.mtx: nnz= 5105039, divz= 2, density= 6.078583186031663e-06
web-NotreDame.mtx: nnz= 1497134, density= 1.4110676044162707e-05
Created web-NotreDame.mtx: nnz= 1497134, divz= 2, density= 1.4110676044162707e-05
webbase-1M.mtx: nnz= 3105536, density= 3.1055049448729135e-06
Created webbase-1M.mtx: nnz= 3105536, divz= 2, density= 3.1055049448729135e-06
wiki-Talk.mtx: nnz= 5021410, density= 8.758660987133842e-07
Created wiki-Talk.mtx: nnz= 5021410, divz= 2, density= 8.758660987133842e-07
wikipedia-20051105.mtx: nnz= 19753078, density= 7.38933078709585e-06
Created wikipedia-20051105.mtx: nnz= 19753078, divz= 2, density= 7.38933078709585e-06
wikipedia-20060925.mtx too large for div, terminating
wikipedia-20061104.mtx too large for div, terminating
wikipedia-20070206.mtx too large for div, terminating
xenon2.mtx: nnz= 3866688, density= 0.00015594683739093623
Created xenon2.mtx: nnz= 3851738, divz= 2, density= 0.0001553438910919345
