Found oversized file: Divz_-8_channel-500x100x100-b050.mtx
Executing: mv /local/panastas/Div_suite/Divz_-8_channel-500x100x100-b050.mtx /local/panastas/Div_suite/Oversized_500M/Divz_-8_channel-500x100x100-b050.mtx
Found oversized file: Divz_-3_hugebubbles-00000.mtx
Executing: mv /local/panastas/Div_suite/Divz_-3_hugebubbles-00000.mtx /local/panastas/Div_suite/Oversized_500M/Divz_-3_hugebubbles-00000.mtx
Found oversized file: Divz_-4_dielFilterV3real.mtx
Executing: mv /local/panastas/Div_suite/Divz_-4_dielFilterV3real.mtx /local/panastas/Div_suite/Oversized_500M/Divz_-4_dielFilterV3real.mtx
Found oversized file: Divz_-4_soc-LiveJournal1.mtx
Executing: mv /local/panastas/Div_suite/Divz_-4_soc-LiveJournal1.mtx /local/panastas/Div_suite/Oversized_500M/Divz_-4_soc-LiveJournal1.mtx
Found oversized file: Divz_-2_hugebubbles-00010.mtx
Executing: mv /local/panastas/Div_suite/Divz_-2_hugebubbles-00010.mtx /local/panastas/Div_suite/Oversized_500M/Divz_-2_hugebubbles-00010.mtx
Found oversized file: Divz_-8_Serena.mtx
Executing: mv /local/panastas/Div_suite/Divz_-8_Serena.mtx /local/panastas/Div_suite/Oversized_500M/Divz_-8_Serena.mtx
Found oversized file: Divz_-2_cage15.mtx
Executing: mv /local/panastas/Div_suite/Divz_-2_cage15.mtx /local/panastas/Div_suite/Oversized_500M/Divz_-2_cage15.mtx
Found oversized file: Divz_-2_af_shell10.mtx
Executing: mv /local/panastas/Div_suite/Divz_-2_af_shell10.mtx /local/panastas/Div_suite/Oversized_500M/Divz_-2_af_shell10.mtx
Found oversized file: Divz_3_indochina-2004.mtx
Executing: mv /local/panastas/Div_suite/Divz_3_indochina-2004.mtx /local/panastas/Div_suite/Oversized_500M/Divz_3_indochina-2004.mtx
Found oversized file: Divz_4_wb-edu.mtx
Executing: mv /local/panastas/Div_suite/Divz_4_wb-edu.mtx /local/panastas/Div_suite/Oversized_500M/Divz_4_wb-edu.mtx
Found oversized file: Divz_-2_Hook_1498.mtx
Executing: mv /local/panastas/Div_suite/Divz_-2_Hook_1498.mtx /local/panastas/Div_suite/Oversized_500M/Divz_-2_Hook_1498.mtx
Found oversized file: Divz_-4_indochina-2004.mtx
Executing: mv /local/panastas/Div_suite/Divz_-4_indochina-2004.mtx /local/panastas/Div_suite/Oversized_500M/Divz_-4_indochina-2004.mtx
Found oversized file: Divz_4_circuit5M.mtx
Executing: mv /local/panastas/Div_suite/Divz_4_circuit5M.mtx /local/panastas/Div_suite/Oversized_500M/Divz_4_circuit5M.mtx
Found oversized file: Divz_-8_indochina-2004.mtx
Executing: mv /local/panastas/Div_suite/Divz_-8_indochina-2004.mtx /local/panastas/Div_suite/Oversized_500M/Divz_-8_indochina-2004.mtx
Found oversized file: Divz_-8_Hook_1498.mtx
Executing: mv /local/panastas/Div_suite/Divz_-8_Hook_1498.mtx /local/panastas/Div_suite/Oversized_500M/Divz_-8_Hook_1498.mtx
Found a directory: Removed
Found oversized file: Divz_-4_hugebubbles-00020.mtx
Executing: mv /local/panastas/Div_suite/Divz_-4_hugebubbles-00020.mtx /local/panastas/Div_suite/Oversized_500M/Divz_-4_hugebubbles-00020.mtx
Found empty file: Divz_8_nlpkkt160.mtx
Found oversized file: Divz_-3_hugebubbles-00020.mtx
Executing: mv /local/panastas/Div_suite/Divz_-3_hugebubbles-00020.mtx /local/panastas/Div_suite/Oversized_500M/Divz_-3_hugebubbles-00020.mtx
Found oversized file: Divz_-8_hugebubbles-00000.mtx
Executing: mv /local/panastas/Div_suite/Divz_-8_hugebubbles-00000.mtx /local/panastas/Div_suite/Oversized_500M/Divz_-8_hugebubbles-00000.mtx
Found oversized file: Divz_-8_soc-LiveJournal1.mtx
Executing: mv /local/panastas/Div_suite/Divz_-8_soc-LiveJournal1.mtx /local/panastas/Div_suite/Oversized_500M/Divz_-8_soc-LiveJournal1.mtx
Found oversized file: Divz_-6_dielFilterV3real.mtx
Executing: mv /local/panastas/Div_suite/Divz_-6_dielFilterV3real.mtx /local/panastas/Div_suite/Oversized_500M/Divz_-6_dielFilterV3real.mtx
Found oversized file: Divz_-3_hollywood-2009.mtx
Executing: mv /local/panastas/Div_suite/Divz_-3_hollywood-2009.mtx /local/panastas/Div_suite/Oversized_500M/Divz_-3_hollywood-2009.mtx
Found oversized file: Divz_-6_channel-500x100x100-b050.mtx
Executing: mv /local/panastas/Div_suite/Divz_-6_channel-500x100x100-b050.mtx /local/panastas/Div_suite/Oversized_500M/Divz_-6_channel-500x100x100-b050.mtx
Found oversized file: Divz_-6_indochina-2004.mtx
Executing: mv /local/panastas/Div_suite/Divz_-6_indochina-2004.mtx /local/panastas/Div_suite/Oversized_500M/Divz_-6_indochina-2004.mtx
Found oversized file: Divz_-8_hugetrace-00020.mtx
Executing: mv /local/panastas/Div_suite/Divz_-8_hugetrace-00020.mtx /local/panastas/Div_suite/Oversized_500M/Divz_-8_hugetrace-00020.mtx
Found oversized file: Divz_-2_nlpkkt120.mtx
Executing: mv /local/panastas/Div_suite/Divz_-2_nlpkkt120.mtx /local/panastas/Div_suite/Oversized_500M/Divz_-2_nlpkkt120.mtx
Found oversized file: Divz_-8_circuit5M.mtx
Executing: mv /local/panastas/Div_suite/Divz_-8_circuit5M.mtx /local/panastas/Div_suite/Oversized_500M/Divz_-8_circuit5M.mtx
Found oversized file: Divz_2_channel-500x100x100-b050.mtx
Executing: mv /local/panastas/Div_suite/Divz_2_channel-500x100x100-b050.mtx /local/panastas/Div_suite/Oversized_500M/Divz_2_channel-500x100x100-b050.mtx
Found oversized file: Divz_-8_wikipedia-20070206.mtx
Executing: mv /local/panastas/Div_suite/Divz_-8_wikipedia-20070206.mtx /local/panastas/Div_suite/Oversized_500M/Divz_-8_wikipedia-20070206.mtx
Found oversized file: Divz_-6_nlpkkt120.mtx
Executing: mv /local/panastas/Div_suite/Divz_-6_nlpkkt120.mtx /local/panastas/Div_suite/Oversized_500M/Divz_-6_nlpkkt120.mtx
Found oversized file: Divz_-2_rgg_n_2_22_s0.mtx
Executing: mv /local/panastas/Div_suite/Divz_-2_rgg_n_2_22_s0.mtx /local/panastas/Div_suite/Oversized_500M/Divz_-2_rgg_n_2_22_s0.mtx
Found oversized file: Divz_3_wb-edu.mtx
Executing: mv /local/panastas/Div_suite/Divz_3_wb-edu.mtx /local/panastas/Div_suite/Oversized_500M/Divz_3_wb-edu.mtx
Found oversized file: Divz_-2_hugebubbles-00000.mtx
Executing: mv /local/panastas/Div_suite/Divz_-2_hugebubbles-00000.mtx /local/panastas/Div_suite/Oversized_500M/Divz_-2_hugebubbles-00000.mtx
Found oversized file: Divz_-2_Serena.mtx
Executing: mv /local/panastas/Div_suite/Divz_-2_Serena.mtx /local/panastas/Div_suite/Oversized_500M/Divz_-2_Serena.mtx
Found oversized file: Divz_-3_wikipedia-20070206.mtx
Executing: mv /local/panastas/Div_suite/Divz_-3_wikipedia-20070206.mtx /local/panastas/Div_suite/Oversized_500M/Divz_-3_wikipedia-20070206.mtx
Found oversized file: Divz_-4_cage15.mtx
Executing: mv /local/panastas/Div_suite/Divz_-4_cage15.mtx /local/panastas/Div_suite/Oversized_500M/Divz_-4_cage15.mtx
Found oversized file: Divz_-8_ldoor.mtx
Executing: mv /local/panastas/Div_suite/Divz_-8_ldoor.mtx /local/panastas/Div_suite/Oversized_500M/Divz_-8_ldoor.mtx
Found oversized file: Divz_-4_circuit5M.mtx
Executing: mv /local/panastas/Div_suite/Divz_-4_circuit5M.mtx /local/panastas/Div_suite/Oversized_500M/Divz_-4_circuit5M.mtx
Found oversized file: Divz_-8_rgg_n_2_22_s0.mtx
Executing: mv /local/panastas/Div_suite/Divz_-8_rgg_n_2_22_s0.mtx /local/panastas/Div_suite/Oversized_500M/Divz_-8_rgg_n_2_22_s0.mtx
Found oversized file: Divz_-6_wb-edu.mtx
Executing: mv /local/panastas/Div_suite/Divz_-6_wb-edu.mtx /local/panastas/Div_suite/Oversized_500M/Divz_-6_wb-edu.mtx
Found oversized file: Divz_-2_wb-edu.mtx
Executing: mv /local/panastas/Div_suite/Divz_-2_wb-edu.mtx /local/panastas/Div_suite/Oversized_500M/Divz_-2_wb-edu.mtx
Found oversized file: Divz_-3_Geo_1438.mtx
Executing: mv /local/panastas/Div_suite/Divz_-3_Geo_1438.mtx /local/panastas/Div_suite/Oversized_500M/Divz_-3_Geo_1438.mtx
Found oversized file: Divz_-2_ldoor.mtx
Executing: mv /local/panastas/Div_suite/Divz_-2_ldoor.mtx /local/panastas/Div_suite/Oversized_500M/Divz_-2_ldoor.mtx
Found oversized file: Divz_-6_hugebubbles-00000.mtx
Executing: mv /local/panastas/Div_suite/Divz_-6_hugebubbles-00000.mtx /local/panastas/Div_suite/Oversized_500M/Divz_-6_hugebubbles-00000.mtx
Found oversized file: Divz_-2_hugetrace-00020.mtx
Executing: mv /local/panastas/Div_suite/Divz_-2_hugetrace-00020.mtx /local/panastas/Div_suite/Oversized_500M/Divz_-2_hugetrace-00020.mtx
Found oversized file: Divz_-3_dielFilterV3real.mtx
Executing: mv /local/panastas/Div_suite/Divz_-3_dielFilterV3real.mtx /local/panastas/Div_suite/Oversized_500M/Divz_-3_dielFilterV3real.mtx
Found oversized file: Divz_4_rgg_n_2_22_s0.mtx
Executing: mv /local/panastas/Div_suite/Divz_4_rgg_n_2_22_s0.mtx /local/panastas/Div_suite/Oversized_500M/Divz_4_rgg_n_2_22_s0.mtx
Found oversized file: Divz_3_rgg_n_2_22_s0.mtx
Executing: mv /local/panastas/Div_suite/Divz_3_rgg_n_2_22_s0.mtx /local/panastas/Div_suite/Oversized_500M/Divz_3_rgg_n_2_22_s0.mtx
Found oversized file: Divz_8_channel-500x100x100-b050.mtx
Executing: mv /local/panastas/Div_suite/Divz_8_channel-500x100x100-b050.mtx /local/panastas/Div_suite/Oversized_500M/Divz_8_channel-500x100x100-b050.mtx
Found oversized file: Divz_-2_soc-LiveJournal1.mtx
Executing: mv /local/panastas/Div_suite/Divz_-2_soc-LiveJournal1.mtx /local/panastas/Div_suite/Oversized_500M/Divz_-2_soc-LiveJournal1.mtx
Found oversized file: Divz_-6_circuit5M.mtx
Executing: mv /local/panastas/Div_suite/Divz_-6_circuit5M.mtx /local/panastas/Div_suite/Oversized_500M/Divz_-6_circuit5M.mtx
Found oversized file: Divz_3_circuit5M.mtx
Executing: mv /local/panastas/Div_suite/Divz_3_circuit5M.mtx /local/panastas/Div_suite/Oversized_500M/Divz_3_circuit5M.mtx
Found oversized file: Divz_-8_Geo_1438.mtx
Executing: mv /local/panastas/Div_suite/Divz_-8_Geo_1438.mtx /local/panastas/Div_suite/Oversized_500M/Divz_-8_Geo_1438.mtx
Found oversized file: Divz_6_channel-500x100x100-b050.mtx
Executing: mv /local/panastas/Div_suite/Divz_6_channel-500x100x100-b050.mtx /local/panastas/Div_suite/Oversized_500M/Divz_6_channel-500x100x100-b050.mtx
Found oversized file: Divz_-3_hugetrace-00020.mtx
Executing: mv /local/panastas/Div_suite/Divz_-3_hugetrace-00020.mtx /local/panastas/Div_suite/Oversized_500M/Divz_-3_hugetrace-00020.mtx
Found oversized file: Divz_-3_boneS10.mtx
Executing: mv /local/panastas/Div_suite/Divz_-3_boneS10.mtx /local/panastas/Div_suite/Oversized_500M/Divz_-3_boneS10.mtx
Found oversized file: Divz_-6_rgg_n_2_22_s0.mtx
Executing: mv /local/panastas/Div_suite/Divz_-6_rgg_n_2_22_s0.mtx /local/panastas/Div_suite/Oversized_500M/Divz_-6_rgg_n_2_22_s0.mtx
Found oversized file: Divz_-3_hugebubbles-00010.mtx
Executing: mv /local/panastas/Div_suite/Divz_-3_hugebubbles-00010.mtx /local/panastas/Div_suite/Oversized_500M/Divz_-3_hugebubbles-00010.mtx
Found oversized file: Divz_-3_indochina-2004.mtx
Executing: mv /local/panastas/Div_suite/Divz_-3_indochina-2004.mtx /local/panastas/Div_suite/Oversized_500M/Divz_-3_indochina-2004.mtx
Found oversized file: Divz_4_soc-LiveJournal1.mtx
Executing: mv /local/panastas/Div_suite/Divz_4_soc-LiveJournal1.mtx /local/panastas/Div_suite/Oversized_500M/Divz_4_soc-LiveJournal1.mtx
Found oversized file: Divz_4_indochina-2004.mtx
Executing: mv /local/panastas/Div_suite/Divz_4_indochina-2004.mtx /local/panastas/Div_suite/Oversized_500M/Divz_4_indochina-2004.mtx
Found oversized file: Divz_-3_circuit5M.mtx
Executing: mv /local/panastas/Div_suite/Divz_-3_circuit5M.mtx /local/panastas/Div_suite/Oversized_500M/Divz_-3_circuit5M.mtx
Found oversized file: Divz_6_circuit5M.mtx
Executing: mv /local/panastas/Div_suite/Divz_6_circuit5M.mtx /local/panastas/Div_suite/Oversized_500M/Divz_6_circuit5M.mtx
Found oversized file: Divz_2_cage15.mtx
Executing: mv /local/panastas/Div_suite/Divz_2_cage15.mtx /local/panastas/Div_suite/Oversized_500M/Divz_2_cage15.mtx
Found oversized file: Divz_-8_cage15.mtx
Executing: mv /local/panastas/Div_suite/Divz_-8_cage15.mtx /local/panastas/Div_suite/Oversized_500M/Divz_-8_cage15.mtx
Found oversized file: Divz_-3_rgg_n_2_22_s0.mtx
Executing: mv /local/panastas/Div_suite/Divz_-3_rgg_n_2_22_s0.mtx /local/panastas/Div_suite/Oversized_500M/Divz_-3_rgg_n_2_22_s0.mtx
Found oversized file: Divz_-4_boneS10.mtx
Executing: mv /local/panastas/Div_suite/Divz_-4_boneS10.mtx /local/panastas/Div_suite/Oversized_500M/Divz_-4_boneS10.mtx
Found oversized file: Divz_-8_hugebubbles-00010.mtx
Executing: mv /local/panastas/Div_suite/Divz_-8_hugebubbles-00010.mtx /local/panastas/Div_suite/Oversized_500M/Divz_-8_hugebubbles-00010.mtx
Found oversized file: Divz_-2_dielFilterV3real.mtx
Executing: mv /local/panastas/Div_suite/Divz_-2_dielFilterV3real.mtx /local/panastas/Div_suite/Oversized_500M/Divz_-2_dielFilterV3real.mtx
Found a directory: Oversized_500M
Found oversized file: Divz_-3_nlpkkt120.mtx
Executing: mv /local/panastas/Div_suite/Divz_-3_nlpkkt120.mtx /local/panastas/Div_suite/Oversized_500M/Divz_-3_nlpkkt120.mtx
Found oversized file: Divz_8_circuit5M.mtx
Executing: mv /local/panastas/Div_suite/Divz_8_circuit5M.mtx /local/panastas/Div_suite/Oversized_500M/Divz_8_circuit5M.mtx
Found oversized file: Divz_-2_hugebubbles-00020.mtx
Executing: mv /local/panastas/Div_suite/Divz_-2_hugebubbles-00020.mtx /local/panastas/Div_suite/Oversized_500M/Divz_-2_hugebubbles-00020.mtx
Found oversized file: Divz_-6_ldoor.mtx
Executing: mv /local/panastas/Div_suite/Divz_-6_ldoor.mtx /local/panastas/Div_suite/Oversized_500M/Divz_-6_ldoor.mtx
Found oversized file: Divz_-6_Serena.mtx
Executing: mv /local/panastas/Div_suite/Divz_-6_Serena.mtx /local/panastas/Div_suite/Oversized_500M/Divz_-6_Serena.mtx
Found oversized file: Divz_-2_wikipedia-20070206.mtx
Executing: mv /local/panastas/Div_suite/Divz_-2_wikipedia-20070206.mtx /local/panastas/Div_suite/Oversized_500M/Divz_-2_wikipedia-20070206.mtx
Found oversized file: Divz_-4_hollywood-2009.mtx
Executing: mv /local/panastas/Div_suite/Divz_-4_hollywood-2009.mtx /local/panastas/Div_suite/Oversized_500M/Divz_-4_hollywood-2009.mtx
Found oversized file: Divz_-6_soc-LiveJournal1.mtx
Executing: mv /local/panastas/Div_suite/Divz_-6_soc-LiveJournal1.mtx /local/panastas/Div_suite/Oversized_500M/Divz_-6_soc-LiveJournal1.mtx
Found oversized file: Divz_-3_ldoor.mtx
Executing: mv /local/panastas/Div_suite/Divz_-3_ldoor.mtx /local/panastas/Div_suite/Oversized_500M/Divz_-3_ldoor.mtx
Found oversized file: Divz_-6_wikipedia-20070206.mtx
Executing: mv /local/panastas/Div_suite/Divz_-6_wikipedia-20070206.mtx /local/panastas/Div_suite/Oversized_500M/Divz_-6_wikipedia-20070206.mtx
Found oversized file: Divz_3_soc-LiveJournal1.mtx
Executing: mv /local/panastas/Div_suite/Divz_3_soc-LiveJournal1.mtx /local/panastas/Div_suite/Oversized_500M/Divz_3_soc-LiveJournal1.mtx
Found oversized file: Divz_8_soc-LiveJournal1.mtx
Executing: mv /local/panastas/Div_suite/Divz_8_soc-LiveJournal1.mtx /local/panastas/Div_suite/Oversized_500M/Divz_8_soc-LiveJournal1.mtx
Found oversized file: Divz_-6_hugebubbles-00010.mtx
Executing: mv /local/panastas/Div_suite/Divz_-6_hugebubbles-00010.mtx /local/panastas/Div_suite/Oversized_500M/Divz_-6_hugebubbles-00010.mtx
Found oversized file: Divz_-4_wb-edu.mtx
Executing: mv /local/panastas/Div_suite/Divz_-4_wb-edu.mtx /local/panastas/Div_suite/Oversized_500M/Divz_-4_wb-edu.mtx
Found oversized file: Divz_-6_af_shell10.mtx
Executing: mv /local/panastas/Div_suite/Divz_-6_af_shell10.mtx /local/panastas/Div_suite/Oversized_500M/Divz_-6_af_shell10.mtx
Found oversized file: Divz_-3_channel-500x100x100-b050.mtx
Executing: mv /local/panastas/Div_suite/Divz_-3_channel-500x100x100-b050.mtx /local/panastas/Div_suite/Oversized_500M/Divz_-3_channel-500x100x100-b050.mtx
Found oversized file: Divz_-8_hollywood-2009.mtx
Executing: mv /local/panastas/Div_suite/Divz_-8_hollywood-2009.mtx /local/panastas/Div_suite/Oversized_500M/Divz_-8_hollywood-2009.mtx
Found oversized file: Divz_-8_wb-edu.mtx
Executing: mv /local/panastas/Div_suite/Divz_-8_wb-edu.mtx /local/panastas/Div_suite/Oversized_500M/Divz_-8_wb-edu.mtx
Found oversized file: Divz_6_rgg_n_2_22_s0.mtx
Executing: mv /local/panastas/Div_suite/Divz_6_rgg_n_2_22_s0.mtx /local/panastas/Div_suite/Oversized_500M/Divz_6_rgg_n_2_22_s0.mtx
Found oversized file: Divz_-4_nlpkkt120.mtx
Executing: mv /local/panastas/Div_suite/Divz_-4_nlpkkt120.mtx /local/panastas/Div_suite/Oversized_500M/Divz_-4_nlpkkt120.mtx
Found oversized file: Divz_-8_af_shell10.mtx
Executing: mv /local/panastas/Div_suite/Divz_-8_af_shell10.mtx /local/panastas/Div_suite/Oversized_500M/Divz_-8_af_shell10.mtx
Found oversized file: Divz_8_rgg_n_2_22_s0.mtx
Executing: mv /local/panastas/Div_suite/Divz_8_rgg_n_2_22_s0.mtx /local/panastas/Div_suite/Oversized_500M/Divz_8_rgg_n_2_22_s0.mtx
Found oversized file: Divz_-4_ldoor.mtx
Executing: mv /local/panastas/Div_suite/Divz_-4_ldoor.mtx /local/panastas/Div_suite/Oversized_500M/Divz_-4_ldoor.mtx
Found oversized file: Divz_-4_channel-500x100x100-b050.mtx
Executing: mv /local/panastas/Div_suite/Divz_-4_channel-500x100x100-b050.mtx /local/panastas/Div_suite/Oversized_500M/Divz_-4_channel-500x100x100-b050.mtx
Found oversized file: Divz_-4_wikipedia-20070206.mtx
Executing: mv /local/panastas/Div_suite/Divz_-4_wikipedia-20070206.mtx /local/panastas/Div_suite/Oversized_500M/Divz_-4_wikipedia-20070206.mtx
Found empty file: Divz_2_packing-500x100x100-b050.mtx
Found oversized file: Divz_-8_boneS10.mtx
Executing: mv /local/panastas/Div_suite/Divz_-8_boneS10.mtx /local/panastas/Div_suite/Oversized_500M/Divz_-8_boneS10.mtx
Found oversized file: Divz_-4_hugebubbles-00010.mtx
Executing: mv /local/panastas/Div_suite/Divz_-4_hugebubbles-00010.mtx /local/panastas/Div_suite/Oversized_500M/Divz_-4_hugebubbles-00010.mtx
Found oversized file: Divz_-2_indochina-2004.mtx
Executing: mv /local/panastas/Div_suite/Divz_-2_indochina-2004.mtx /local/panastas/Div_suite/Oversized_500M/Divz_-2_indochina-2004.mtx
Found oversized file: Divz_-6_cage15.mtx
Executing: mv /local/panastas/Div_suite/Divz_-6_cage15.mtx /local/panastas/Div_suite/Oversized_500M/Divz_-6_cage15.mtx
Found oversized file: Divz_-6_hugebubbles-00020.mtx
Executing: mv /local/panastas/Div_suite/Divz_-6_hugebubbles-00020.mtx /local/panastas/Div_suite/Oversized_500M/Divz_-6_hugebubbles-00020.mtx
Found oversized file: Divz_6_nlpkkt120.mtx
Executing: mv /local/panastas/Div_suite/Divz_6_nlpkkt120.mtx /local/panastas/Div_suite/Oversized_500M/Divz_6_nlpkkt120.mtx
Found oversized file: Divz_-2_boneS10.mtx
Executing: mv /local/panastas/Div_suite/Divz_-2_boneS10.mtx /local/panastas/Div_suite/Oversized_500M/Divz_-2_boneS10.mtx
Found oversized file: Divz_-4_Geo_1438.mtx
Executing: mv /local/panastas/Div_suite/Divz_-4_Geo_1438.mtx /local/panastas/Div_suite/Oversized_500M/Divz_-4_Geo_1438.mtx
Found empty file: Divz_4_nlpkkt160.mtx
Found oversized file: Divz_-4_Serena.mtx
Executing: mv /local/panastas/Div_suite/Divz_-4_Serena.mtx /local/panastas/Div_suite/Oversized_500M/Divz_-4_Serena.mtx
Found oversized file: Divz_-2_nlpkkt160.mtx
Executing: mv /local/panastas/Div_suite/Divz_-2_nlpkkt160.mtx /local/panastas/Div_suite/Oversized_500M/Divz_-2_nlpkkt160.mtx
Found oversized file: Divz_-2_circuit5M.mtx
Executing: mv /local/panastas/Div_suite/Divz_-2_circuit5M.mtx /local/panastas/Div_suite/Oversized_500M/Divz_-2_circuit5M.mtx
Found oversized file: Divz_-4_rgg_n_2_22_s0.mtx
Executing: mv /local/panastas/Div_suite/Divz_-4_rgg_n_2_22_s0.mtx /local/panastas/Div_suite/Oversized_500M/Divz_-4_rgg_n_2_22_s0.mtx
Found oversized file: Divz_-3_wb-edu.mtx
Executing: mv /local/panastas/Div_suite/Divz_-3_wb-edu.mtx /local/panastas/Div_suite/Oversized_500M/Divz_-3_wb-edu.mtx
Found oversized file: Divz_-4_hugetrace-00020.mtx
Executing: mv /local/panastas/Div_suite/Divz_-4_hugetrace-00020.mtx /local/panastas/Div_suite/Oversized_500M/Divz_-4_hugetrace-00020.mtx
Found empty file: Divz_6_nlpkkt160.mtx
Found oversized file: Divz_-3_Hook_1498.mtx
Executing: mv /local/panastas/Div_suite/Divz_-3_Hook_1498.mtx /local/panastas/Div_suite/Oversized_500M/Divz_-3_Hook_1498.mtx
Found oversized file: Divz_-4_Hook_1498.mtx
Executing: mv /local/panastas/Div_suite/Divz_-4_Hook_1498.mtx /local/panastas/Div_suite/Oversized_500M/Divz_-4_Hook_1498.mtx
Found oversized file: Divz_-6_hugetrace-00020.mtx
Executing: mv /local/panastas/Div_suite/Divz_-6_hugetrace-00020.mtx /local/panastas/Div_suite/Oversized_500M/Divz_-6_hugetrace-00020.mtx
Found oversized file: Divz_-6_boneS10.mtx
Executing: mv /local/panastas/Div_suite/Divz_-6_boneS10.mtx /local/panastas/Div_suite/Oversized_500M/Divz_-6_boneS10.mtx
Found oversized file: Divz_8_wb-edu.mtx
Executing: mv /local/panastas/Div_suite/Divz_8_wb-edu.mtx /local/panastas/Div_suite/Oversized_500M/Divz_8_wb-edu.mtx
Found oversized file: Divz_-4_af_shell10.mtx
Executing: mv /local/panastas/Div_suite/Divz_-4_af_shell10.mtx /local/panastas/Div_suite/Oversized_500M/Divz_-4_af_shell10.mtx
Found oversized file: Divz_-3_af_shell10.mtx
Executing: mv /local/panastas/Div_suite/Divz_-3_af_shell10.mtx /local/panastas/Div_suite/Oversized_500M/Divz_-3_af_shell10.mtx
Found oversized file: Divz_2_circuit5M.mtx
Executing: mv /local/panastas/Div_suite/Divz_2_circuit5M.mtx /local/panastas/Div_suite/Oversized_500M/Divz_2_circuit5M.mtx
Found oversized file: Divz_-4_hugebubbles-00000.mtx
Executing: mv /local/panastas/Div_suite/Divz_-4_hugebubbles-00000.mtx /local/panastas/Div_suite/Oversized_500M/Divz_-4_hugebubbles-00000.mtx
Found oversized file: Divz_-6_hollywood-2009.mtx
Executing: mv /local/panastas/Div_suite/Divz_-6_hollywood-2009.mtx /local/panastas/Div_suite/Oversized_500M/Divz_-6_hollywood-2009.mtx
Found oversized file: Divz_-6_Hook_1498.mtx
Executing: mv /local/panastas/Div_suite/Divz_-6_Hook_1498.mtx /local/panastas/Div_suite/Oversized_500M/Divz_-6_Hook_1498.mtx
Found oversized file: Divz_-2_Geo_1438.mtx
Executing: mv /local/panastas/Div_suite/Divz_-2_Geo_1438.mtx /local/panastas/Div_suite/Oversized_500M/Divz_-2_Geo_1438.mtx
Found oversized file: Divz_6_hollywood-2009.mtx
Executing: mv /local/panastas/Div_suite/Divz_6_hollywood-2009.mtx /local/panastas/Div_suite/Oversized_500M/Divz_6_hollywood-2009.mtx
Found oversized file: Divz_-6_Geo_1438.mtx
Executing: mv /local/panastas/Div_suite/Divz_-6_Geo_1438.mtx /local/panastas/Div_suite/Oversized_500M/Divz_-6_Geo_1438.mtx
Found oversized file: Divz_-2_hollywood-2009.mtx
Executing: mv /local/panastas/Div_suite/Divz_-2_hollywood-2009.mtx /local/panastas/Div_suite/Oversized_500M/Divz_-2_hollywood-2009.mtx
Found oversized file: Divz_-2_channel-500x100x100-b050.mtx
Executing: mv /local/panastas/Div_suite/Divz_-2_channel-500x100x100-b050.mtx /local/panastas/Div_suite/Oversized_500M/Divz_-2_channel-500x100x100-b050.mtx
Found oversized file: Divz_8_nlpkkt120.mtx
Executing: mv /local/panastas/Div_suite/Divz_8_nlpkkt120.mtx /local/panastas/Div_suite/Oversized_500M/Divz_8_nlpkkt120.mtx
Found oversized file: Divz_-3_soc-LiveJournal1.mtx
Executing: mv /local/panastas/Div_suite/Divz_-3_soc-LiveJournal1.mtx /local/panastas/Div_suite/Oversized_500M/Divz_-3_soc-LiveJournal1.mtx
Found oversized file: Divz_8_indochina-2004.mtx
Executing: mv /local/panastas/Div_suite/Divz_8_indochina-2004.mtx /local/panastas/Div_suite/Oversized_500M/Divz_8_indochina-2004.mtx
Found a directory: Pics
Found oversized file: Divz_3_cage15.mtx
Executing: mv /local/panastas/Div_suite/Divz_3_cage15.mtx /local/panastas/Div_suite/Oversized_500M/Divz_3_cage15.mtx
Found oversized file: Divz_-3_Serena.mtx
Executing: mv /local/panastas/Div_suite/Divz_-3_Serena.mtx /local/panastas/Div_suite/Oversized_500M/Divz_-3_Serena.mtx
Found oversized file: Divz_-8_hugebubbles-00020.mtx
Executing: mv /local/panastas/Div_suite/Divz_-8_hugebubbles-00020.mtx /local/panastas/Div_suite/Oversized_500M/Divz_-8_hugebubbles-00020.mtx
Found oversized file: Divz_6_indochina-2004.mtx
Executing: mv /local/panastas/Div_suite/Divz_6_indochina-2004.mtx /local/panastas/Div_suite/Oversized_500M/Divz_6_indochina-2004.mtx
Found empty file: Divz_3_nlpkkt160.mtx
Found oversized file: Divz_-8_dielFilterV3real.mtx
Executing: mv /local/panastas/Div_suite/Divz_-8_dielFilterV3real.mtx /local/panastas/Div_suite/Oversized_500M/Divz_-8_dielFilterV3real.mtx
