Found oversized file: Divz_-4_af_shell5.mtx
Executing: mv /local/panastas/Div_suite/Divz_-4_af_shell5.mtx /local/panastas/Div_suite/Oversized_500M/Divz_-4_af_shell5.mtx
Found oversized file: Divz_-6_hugetrace-00010.mtx
Executing: mv /local/panastas/Div_suite/Divz_-6_hugetrace-00010.mtx /local/panastas/Div_suite/Oversized_500M/Divz_-6_hugetrace-00010.mtx
Found oversized file: Divz_4_Geo_1438.mtx
Executing: mv /local/panastas/Div_suite/Divz_4_Geo_1438.mtx /local/panastas/Div_suite/Oversized_500M/Divz_4_Geo_1438.mtx
Found oversized file: Divz_3_Emilia_923.mtx
Executing: mv /local/panastas/Div_suite/Divz_3_Emilia_923.mtx /local/panastas/Div_suite/Oversized_500M/Divz_3_Emilia_923.mtx
Found oversized file: Divz_-8_inline_1.mtx
Executing: mv /local/panastas/Div_suite/Divz_-8_inline_1.mtx /local/panastas/Div_suite/Oversized_500M/Divz_-8_inline_1.mtx
Found oversized file: Divz_4_spal_004.mtx
Executing: mv /local/panastas/Div_suite/Divz_4_spal_004.mtx /local/panastas/Div_suite/Oversized_500M/Divz_4_spal_004.mtx
Found oversized file: Divz_-8_delaunay_n22.mtx
Executing: mv /local/panastas/Div_suite/Divz_-8_delaunay_n22.mtx /local/panastas/Div_suite/Oversized_500M/Divz_-8_delaunay_n22.mtx
Found oversized file: Divz_2_Hook_1498.mtx
Executing: mv /local/panastas/Div_suite/Divz_2_Hook_1498.mtx /local/panastas/Div_suite/Oversized_500M/Divz_2_Hook_1498.mtx
Found oversized file: Divz_-4_Si41Ge41H72.mtx
Executing: mv /local/panastas/Div_suite/Divz_-4_Si41Ge41H72.mtx /local/panastas/Div_suite/Oversized_500M/Divz_-4_Si41Ge41H72.mtx
Found oversized file: Divz_-6_in-2004.mtx
Executing: mv /local/panastas/Div_suite/Divz_-6_in-2004.mtx /local/panastas/Div_suite/Oversized_500M/Divz_-6_in-2004.mtx
Found oversized file: Divz_-8_GL7d19.mtx
Executing: mv /local/panastas/Div_suite/Divz_-8_GL7d19.mtx /local/panastas/Div_suite/Oversized_500M/Divz_-8_GL7d19.mtx
Found oversized file: Divz_-4_coPapersDBLP.mtx
Executing: mv /local/panastas/Div_suite/Divz_-4_coPapersDBLP.mtx /local/panastas/Div_suite/Oversized_500M/Divz_-4_coPapersDBLP.mtx
Found oversized file: Divz_8_hugebubbles-00000.mtx
Executing: mv /local/panastas/Div_suite/Divz_8_hugebubbles-00000.mtx /local/panastas/Div_suite/Oversized_500M/Divz_8_hugebubbles-00000.mtx
Found oversized file: Divz_-8_hugetrace-00010.mtx
Executing: mv /local/panastas/Div_suite/Divz_-8_hugetrace-00010.mtx /local/panastas/Div_suite/Oversized_500M/Divz_-8_hugetrace-00010.mtx
Found oversized file: Divz_4_hugetrace-00020.mtx
Executing: mv /local/panastas/Div_suite/Divz_4_hugetrace-00020.mtx /local/panastas/Div_suite/Oversized_500M/Divz_4_hugetrace-00020.mtx
Found oversized file: Divz_-4_wikipedia-20051105.mtx
Executing: mv /local/panastas/Div_suite/Divz_-4_wikipedia-20051105.mtx /local/panastas/Div_suite/Oversized_500M/Divz_-4_wikipedia-20051105.mtx
Found oversized file: Divz_-8_bone010.mtx
Executing: mv /local/panastas/Div_suite/Divz_-8_bone010.mtx /local/panastas/Div_suite/Oversized_500M/Divz_-8_bone010.mtx
Found oversized file: Divz_6_eu-2005.mtx
Executing: mv /local/panastas/Div_suite/Divz_6_eu-2005.mtx /local/panastas/Div_suite/Oversized_500M/Divz_6_eu-2005.mtx
Found oversized file: Divz_-2_mouse_gene.mtx
Executing: mv /local/panastas/Div_suite/Divz_-2_mouse_gene.mtx /local/panastas/Div_suite/Oversized_500M/Divz_-2_mouse_gene.mtx
Found oversized file: Divz_3_mouse_gene.mtx
Executing: mv /local/panastas/Div_suite/Divz_3_mouse_gene.mtx /local/panastas/Div_suite/Oversized_500M/Divz_3_mouse_gene.mtx
Found oversized file: Divz_3_cage14.mtx
Executing: mv /local/panastas/Div_suite/Divz_3_cage14.mtx /local/panastas/Div_suite/Oversized_500M/Divz_3_cage14.mtx
Found oversized file: Divz_6_hugetrace-00020.mtx
Executing: mv /local/panastas/Div_suite/Divz_6_hugetrace-00020.mtx /local/panastas/Div_suite/Oversized_500M/Divz_6_hugetrace-00020.mtx
Found oversized file: Divz_8_memchip.mtx
Executing: mv /local/panastas/Div_suite/Divz_8_memchip.mtx /local/panastas/Div_suite/Oversized_500M/Divz_8_memchip.mtx
Found oversized file: Divz_3_kim2.mtx
Executing: mv /local/panastas/Div_suite/Divz_3_kim2.mtx /local/panastas/Div_suite/Oversized_500M/Divz_3_kim2.mtx
Found oversized file: Divz_-2_hugetric-00010.mtx
Executing: mv /local/panastas/Div_suite/Divz_-2_hugetric-00010.mtx /local/panastas/Div_suite/Oversized_500M/Divz_-2_hugetric-00010.mtx
Found oversized file: Divz_8_TSOPF_RS_b2383.mtx
Executing: mv /local/panastas/Div_suite/Divz_8_TSOPF_RS_b2383.mtx /local/panastas/Div_suite/Oversized_500M/Divz_8_TSOPF_RS_b2383.mtx
Found oversized file: Divz_-3_hugetric-00000.mtx
Executing: mv /local/panastas/Div_suite/Divz_-3_hugetric-00000.mtx /local/panastas/Div_suite/Oversized_500M/Divz_-3_hugetric-00000.mtx
Found oversized file: Divz_-2_hugetrace-00010.mtx
Executing: mv /local/panastas/Div_suite/Divz_-2_hugetrace-00010.mtx /local/panastas/Div_suite/Oversized_500M/Divz_-2_hugetrace-00010.mtx
Found oversized file: Divz_4_eu-2005.mtx
Executing: mv /local/panastas/Div_suite/Divz_4_eu-2005.mtx /local/panastas/Div_suite/Oversized_500M/Divz_4_eu-2005.mtx
Found oversized file: Divz_-2_wikipedia-20051105.mtx
Executing: mv /local/panastas/Div_suite/Divz_-2_wikipedia-20051105.mtx /local/panastas/Div_suite/Oversized_500M/Divz_-2_wikipedia-20051105.mtx
Found oversized file: Divz_3_patents.mtx
Executing: mv /local/panastas/Div_suite/Divz_3_patents.mtx /local/panastas/Div_suite/Oversized_500M/Divz_3_patents.mtx
Found oversized file: Divz_2_Emilia_923.mtx
Executing: mv /local/panastas/Div_suite/Divz_2_Emilia_923.mtx /local/panastas/Div_suite/Oversized_500M/Divz_2_Emilia_923.mtx
Found oversized file: Divz_-8_coPapersCiteseer.mtx
Executing: mv /local/panastas/Div_suite/Divz_-8_coPapersCiteseer.mtx /local/panastas/Div_suite/Oversized_500M/Divz_-8_coPapersCiteseer.mtx
Found oversized file: Divz_4_GL7d18.mtx
Executing: mv /local/panastas/Div_suite/Divz_4_GL7d18.mtx /local/panastas/Div_suite/Oversized_500M/Divz_4_GL7d18.mtx
Found oversized file: Divz_-4_patents.mtx
Executing: mv /local/panastas/Div_suite/Divz_-4_patents.mtx /local/panastas/Div_suite/Oversized_500M/Divz_-4_patents.mtx
Found oversized file: Divz_-8_eu-2005.mtx
Executing: mv /local/panastas/Div_suite/Divz_-8_eu-2005.mtx /local/panastas/Div_suite/Oversized_500M/Divz_-8_eu-2005.mtx
Found oversized file: Divz_2_wikipedia-20051105.mtx
Executing: mv /local/panastas/Div_suite/Divz_2_wikipedia-20051105.mtx /local/panastas/Div_suite/Oversized_500M/Divz_2_wikipedia-20051105.mtx
Found oversized file: Divz_2_boneS10.mtx
Executing: mv /local/panastas/Div_suite/Divz_2_boneS10.mtx /local/panastas/Div_suite/Oversized_500M/Divz_2_boneS10.mtx
Found oversized file: Divz_-3_mouse_gene.mtx
Executing: mv /local/panastas/Div_suite/Divz_-3_mouse_gene.mtx /local/panastas/Div_suite/Oversized_500M/Divz_-3_mouse_gene.mtx
Found oversized file: Divz_-4_FullChip.mtx
Executing: mv /local/panastas/Div_suite/Divz_-4_FullChip.mtx /local/panastas/Div_suite/Oversized_500M/Divz_-4_FullChip.mtx
Found oversized file: Divz_2_hugebubbles-00010.mtx
Executing: mv /local/panastas/Div_suite/Divz_2_hugebubbles-00010.mtx /local/panastas/Div_suite/Oversized_500M/Divz_2_hugebubbles-00010.mtx
Found oversized file: Divz_8_GL7d19.mtx
Executing: mv /local/panastas/Div_suite/Divz_8_GL7d19.mtx /local/panastas/Div_suite/Oversized_500M/Divz_8_GL7d19.mtx
Found a directory: Removed
Found oversized file: Divz_-2_CurlCurl_4.mtx
Executing: mv /local/panastas/Div_suite/Divz_-2_CurlCurl_4.mtx /local/panastas/Div_suite/Oversized_500M/Divz_-2_CurlCurl_4.mtx
Found oversized file: Divz_2_hugebubbles-00000.mtx
Executing: mv /local/panastas/Div_suite/Divz_2_hugebubbles-00000.mtx /local/panastas/Div_suite/Oversized_500M/Divz_2_hugebubbles-00000.mtx
Found oversized file: Divz_-4_hugetric-00020.mtx
Executing: mv /local/panastas/Div_suite/Divz_-4_hugetric-00020.mtx /local/panastas/Div_suite/Oversized_500M/Divz_-4_hugetric-00020.mtx
Found empty file: Divz_8_nlpkkt160.mtx
Found oversized file: Divz_-4_F1.mtx
Executing: mv /local/panastas/Div_suite/Divz_-4_F1.mtx /local/panastas/Div_suite/Oversized_500M/Divz_-4_F1.mtx
Found oversized file: Divz_3_Freescale1.mtx
Executing: mv /local/panastas/Div_suite/Divz_3_Freescale1.mtx /local/panastas/Div_suite/Oversized_500M/Divz_3_Freescale1.mtx
Found oversized file: Divz_-3_StocF-1465.mtx
Executing: mv /local/panastas/Div_suite/Divz_-3_StocF-1465.mtx /local/panastas/Div_suite/Oversized_500M/Divz_-3_StocF-1465.mtx
Found oversized file: Divz_4_boneS10.mtx
Executing: mv /local/panastas/Div_suite/Divz_4_boneS10.mtx /local/panastas/Div_suite/Oversized_500M/Divz_4_boneS10.mtx
Found oversized file: Divz_4_nlpkkt120.mtx
Executing: mv /local/panastas/Div_suite/Divz_4_nlpkkt120.mtx /local/panastas/Div_suite/Oversized_500M/Divz_4_nlpkkt120.mtx
Found oversized file: Divz_-6_RM07R.mtx
Executing: mv /local/panastas/Div_suite/Divz_-6_RM07R.mtx /local/panastas/Div_suite/Oversized_500M/Divz_-6_RM07R.mtx
Found oversized file: Divz_-2_in-2004.mtx
Executing: mv /local/panastas/Div_suite/Divz_-2_in-2004.mtx /local/panastas/Div_suite/Oversized_500M/Divz_-2_in-2004.mtx
Found oversized file: Divz_6_hugebubbles-00010.mtx
Executing: mv /local/panastas/Div_suite/Divz_6_hugebubbles-00010.mtx /local/panastas/Div_suite/Oversized_500M/Divz_6_hugebubbles-00010.mtx
Found oversized file: Divz_-6_GL7d18.mtx
Executing: mv /local/panastas/Div_suite/Divz_-6_GL7d18.mtx /local/panastas/Div_suite/Oversized_500M/Divz_-6_GL7d18.mtx
Found oversized file: Divz_-4_RM07R.mtx
Executing: mv /local/panastas/Div_suite/Divz_-4_RM07R.mtx /local/panastas/Div_suite/Oversized_500M/Divz_-4_RM07R.mtx
Found oversized file: Divz_6_CurlCurl_4.mtx
Executing: mv /local/panastas/Div_suite/Divz_6_CurlCurl_4.mtx /local/panastas/Div_suite/Oversized_500M/Divz_6_CurlCurl_4.mtx
Found oversized file: Divz_3_in-2004.mtx
Executing: mv /local/panastas/Div_suite/Divz_3_in-2004.mtx /local/panastas/Div_suite/Oversized_500M/Divz_3_in-2004.mtx
Found oversized file: Divz_4_CurlCurl_4.mtx
Executing: mv /local/panastas/Div_suite/Divz_4_CurlCurl_4.mtx /local/panastas/Div_suite/Oversized_500M/Divz_4_CurlCurl_4.mtx
Found oversized file: Divz_-4_af_shell6.mtx
Executing: mv /local/panastas/Div_suite/Divz_-4_af_shell6.mtx /local/panastas/Div_suite/Oversized_500M/Divz_-4_af_shell6.mtx
Found oversized file: Divz_-8_human_gene2.mtx
Executing: mv /local/panastas/Div_suite/Divz_-8_human_gene2.mtx /local/panastas/Div_suite/Oversized_500M/Divz_-8_human_gene2.mtx
Found oversized file: Divz_6_hugebubbles-00020.mtx
Executing: mv /local/panastas/Div_suite/Divz_6_hugebubbles-00020.mtx /local/panastas/Div_suite/Oversized_500M/Divz_6_hugebubbles-00020.mtx
Found oversized file: Divz_6_bone010.mtx
Executing: mv /local/panastas/Div_suite/Divz_6_bone010.mtx /local/panastas/Div_suite/Oversized_500M/Divz_6_bone010.mtx
Found oversized file: Divz_8_rajat31.mtx
Executing: mv /local/panastas/Div_suite/Divz_8_rajat31.mtx /local/panastas/Div_suite/Oversized_500M/Divz_8_rajat31.mtx
Found oversized file: Divz_-3_Emilia_923.mtx
Executing: mv /local/panastas/Div_suite/Divz_-3_Emilia_923.mtx /local/panastas/Div_suite/Oversized_500M/Divz_-3_Emilia_923.mtx
Found oversized file: Divz_-2_eu-2005.mtx
Executing: mv /local/panastas/Div_suite/Divz_-2_eu-2005.mtx /local/panastas/Div_suite/Oversized_500M/Divz_-2_eu-2005.mtx
Found oversized file: Divz_4_wikipedia-20051105.mtx
Executing: mv /local/panastas/Div_suite/Divz_4_wikipedia-20051105.mtx /local/panastas/Div_suite/Oversized_500M/Divz_4_wikipedia-20051105.mtx
Found oversized file: Divz_-4_wikipedia-20061104.mtx
Executing: mv /local/panastas/Div_suite/Divz_-4_wikipedia-20061104.mtx /local/panastas/Div_suite/Oversized_500M/Divz_-4_wikipedia-20061104.mtx
Found oversized file: Divz_8_inline_1.mtx
Executing: mv /local/panastas/Div_suite/Divz_8_inline_1.mtx /local/panastas/Div_suite/Oversized_500M/Divz_8_inline_1.mtx
Found oversized file: Divz_-4_in-2004.mtx
Executing: mv /local/panastas/Div_suite/Divz_-4_in-2004.mtx /local/panastas/Div_suite/Oversized_500M/Divz_-4_in-2004.mtx
Found oversized file: Divz_-8_cage14.mtx
Executing: mv /local/panastas/Div_suite/Divz_-8_cage14.mtx /local/panastas/Div_suite/Oversized_500M/Divz_-8_cage14.mtx
Found oversized file: Divz_-6_hugetric-00000.mtx
Executing: mv /local/panastas/Div_suite/Divz_-6_hugetric-00000.mtx /local/panastas/Div_suite/Oversized_500M/Divz_-6_hugetric-00000.mtx
Found oversized file: Divz_6_Emilia_923.mtx
Executing: mv /local/panastas/Div_suite/Divz_6_Emilia_923.mtx /local/panastas/Div_suite/Oversized_500M/Divz_6_Emilia_923.mtx
Found oversized file: Divz_2_cage14.mtx
Executing: mv /local/panastas/Div_suite/Divz_2_cage14.mtx /local/panastas/Div_suite/Oversized_500M/Divz_2_cage14.mtx
Found oversized file: Divz_6_rajat31.mtx
Executing: mv /local/panastas/Div_suite/Divz_6_rajat31.mtx /local/panastas/Div_suite/Oversized_500M/Divz_6_rajat31.mtx
Found oversized file: Divz_8_RM07R.mtx
Executing: mv /local/panastas/Div_suite/Divz_8_RM07R.mtx /local/panastas/Div_suite/Oversized_500M/Divz_8_RM07R.mtx
Found oversized file: Divz_6_circuit5M_dc.mtx
Executing: mv /local/panastas/Div_suite/Divz_6_circuit5M_dc.mtx /local/panastas/Div_suite/Oversized_500M/Divz_6_circuit5M_dc.mtx
Found oversized file: Divz_-8_nlpkkt80.mtx
Executing: mv /local/panastas/Div_suite/Divz_-8_nlpkkt80.mtx /local/panastas/Div_suite/Oversized_500M/Divz_-8_nlpkkt80.mtx
Found oversized file: Divz_-4_af_2_k101.mtx
Executing: mv /local/panastas/Div_suite/Divz_-4_af_2_k101.mtx /local/panastas/Div_suite/Oversized_500M/Divz_-4_af_2_k101.mtx
Found oversized file: Divz_-2_coPapersCiteseer.mtx
Executing: mv /local/panastas/Div_suite/Divz_-2_coPapersCiteseer.mtx /local/panastas/Div_suite/Oversized_500M/Divz_-2_coPapersCiteseer.mtx
Found oversized file: Divz_-8_RM07R.mtx
Executing: mv /local/panastas/Div_suite/Divz_-8_RM07R.mtx /local/panastas/Div_suite/Oversized_500M/Divz_-8_RM07R.mtx
Found oversized file: Divz_-2_kkt_power.mtx
Executing: mv /local/panastas/Div_suite/Divz_-2_kkt_power.mtx /local/panastas/Div_suite/Oversized_500M/Divz_-2_kkt_power.mtx
Found oversized file: Divz_-4_msdoor.mtx
Executing: mv /local/panastas/Div_suite/Divz_-4_msdoor.mtx /local/panastas/Div_suite/Oversized_500M/Divz_-4_msdoor.mtx
Found oversized file: Divz_-6_Freescale1.mtx
Executing: mv /local/panastas/Div_suite/Divz_-6_Freescale1.mtx /local/panastas/Div_suite/Oversized_500M/Divz_-6_Freescale1.mtx
Found oversized file: Divz_8_in-2004.mtx
Executing: mv /local/panastas/Div_suite/Divz_8_in-2004.mtx /local/panastas/Div_suite/Oversized_500M/Divz_8_in-2004.mtx
Found oversized file: Divz_-8_gsm_106857.mtx
Executing: mv /local/panastas/Div_suite/Divz_-8_gsm_106857.mtx /local/panastas/Div_suite/Oversized_500M/Divz_-8_gsm_106857.mtx
Found oversized file: Divz_3_hugetrace-00020.mtx
Executing: mv /local/panastas/Div_suite/Divz_3_hugetrace-00020.mtx /local/panastas/Div_suite/Oversized_500M/Divz_3_hugetrace-00020.mtx
Found oversized file: Divz_-8_hugetric-00010.mtx
Executing: mv /local/panastas/Div_suite/Divz_-8_hugetric-00010.mtx /local/panastas/Div_suite/Oversized_500M/Divz_-8_hugetric-00010.mtx
Found oversized file: Divz_4_Freescale1.mtx
Executing: mv /local/panastas/Div_suite/Divz_4_Freescale1.mtx /local/panastas/Div_suite/Oversized_500M/Divz_4_Freescale1.mtx
Found oversized file: Divz_2_in-2004.mtx
Executing: mv /local/panastas/Div_suite/Divz_2_in-2004.mtx /local/panastas/Div_suite/Oversized_500M/Divz_2_in-2004.mtx
Found oversized file: Divz_-6_spal_004.mtx
Executing: mv /local/panastas/Div_suite/Divz_-6_spal_004.mtx /local/panastas/Div_suite/Oversized_500M/Divz_-6_spal_004.mtx
Found oversized file: Divz_8_hugetrace-00010.mtx
Executing: mv /local/panastas/Div_suite/Divz_8_hugetrace-00010.mtx /local/panastas/Div_suite/Oversized_500M/Divz_8_hugetrace-00010.mtx
Found oversized file: Divz_-2_af_0_k101.mtx
Executing: mv /local/panastas/Div_suite/Divz_-2_af_0_k101.mtx /local/panastas/Div_suite/Oversized_500M/Divz_-2_af_0_k101.mtx
Found oversized file: Divz_-8_af_2_k101.mtx
Executing: mv /local/panastas/Div_suite/Divz_-8_af_2_k101.mtx /local/panastas/Div_suite/Oversized_500M/Divz_-8_af_2_k101.mtx
Found oversized file: Divz_8_GL7d18.mtx
Executing: mv /local/panastas/Div_suite/Divz_8_GL7d18.mtx /local/panastas/Div_suite/Oversized_500M/Divz_8_GL7d18.mtx
Found oversized file: Divz_-4_StocF-1465.mtx
Executing: mv /local/panastas/Div_suite/Divz_-4_StocF-1465.mtx /local/panastas/Div_suite/Oversized_500M/Divz_-4_StocF-1465.mtx
Found oversized file: Divz_-2_Si41Ge41H72.mtx
Executing: mv /local/panastas/Div_suite/Divz_-2_Si41Ge41H72.mtx /local/panastas/Div_suite/Oversized_500M/Divz_-2_Si41Ge41H72.mtx
Found oversized file: Divz_-4_inline_1.mtx
Executing: mv /local/panastas/Div_suite/Divz_-4_inline_1.mtx /local/panastas/Div_suite/Oversized_500M/Divz_-4_inline_1.mtx
Found oversized file: Divz_-2_wikipedia-20060925.mtx
Executing: mv /local/panastas/Div_suite/Divz_-2_wikipedia-20060925.mtx /local/panastas/Div_suite/Oversized_500M/Divz_-2_wikipedia-20060925.mtx
Found oversized file: Divz_-8_spal_004.mtx
Executing: mv /local/panastas/Div_suite/Divz_-8_spal_004.mtx /local/panastas/Div_suite/Oversized_500M/Divz_-8_spal_004.mtx
Found oversized file: Divz_3_nlpkkt120.mtx
Executing: mv /local/panastas/Div_suite/Divz_3_nlpkkt120.mtx /local/panastas/Div_suite/Oversized_500M/Divz_3_nlpkkt120.mtx
Found oversized file: Divz_4_dielFilterV3real.mtx
Executing: mv /local/panastas/Div_suite/Divz_4_dielFilterV3real.mtx /local/panastas/Div_suite/Oversized_500M/Divz_4_dielFilterV3real.mtx
Found oversized file: Divz_-2_af_shell5.mtx
Executing: mv /local/panastas/Div_suite/Divz_-2_af_shell5.mtx /local/panastas/Div_suite/Oversized_500M/Divz_-2_af_shell5.mtx
Found oversized file: Divz_-6_CurlCurl_4.mtx
Executing: mv /local/panastas/Div_suite/Divz_-6_CurlCurl_4.mtx /local/panastas/Div_suite/Oversized_500M/Divz_-6_CurlCurl_4.mtx
Found oversized file: Divz_-3_human_gene1.mtx
Executing: mv /local/panastas/Div_suite/Divz_-3_human_gene1.mtx /local/panastas/Div_suite/Oversized_500M/Divz_-3_human_gene1.mtx
Found oversized file: Divz_-2_venturiLevel3.mtx
Executing: mv /local/panastas/Div_suite/Divz_-2_venturiLevel3.mtx /local/panastas/Div_suite/Oversized_500M/Divz_-2_venturiLevel3.mtx
Found oversized file: Divz_2_circuit5M_dc.mtx
Executing: mv /local/panastas/Div_suite/Divz_2_circuit5M_dc.mtx /local/panastas/Div_suite/Oversized_500M/Divz_2_circuit5M_dc.mtx
Found oversized file: Divz_-8_FullChip.mtx
Executing: mv /local/panastas/Div_suite/Divz_-8_FullChip.mtx /local/panastas/Div_suite/Oversized_500M/Divz_-8_FullChip.mtx
Found oversized file: Divz_-2_coPapersDBLP.mtx
Executing: mv /local/panastas/Div_suite/Divz_-2_coPapersDBLP.mtx /local/panastas/Div_suite/Oversized_500M/Divz_-2_coPapersDBLP.mtx
Found oversized file: Divz_-4_adaptive.mtx
Executing: mv /local/panastas/Div_suite/Divz_-4_adaptive.mtx /local/panastas/Div_suite/Oversized_500M/Divz_-4_adaptive.mtx
Found oversized file: Divz_-6_coPapersCiteseer.mtx
Executing: mv /local/panastas/Div_suite/Divz_-6_coPapersCiteseer.mtx /local/panastas/Div_suite/Oversized_500M/Divz_-6_coPapersCiteseer.mtx
Found oversized file: Divz_-3_wikipedia-20060925.mtx
Executing: mv /local/panastas/Div_suite/Divz_-3_wikipedia-20060925.mtx /local/panastas/Div_suite/Oversized_500M/Divz_-3_wikipedia-20060925.mtx
Found oversized file: Divz_-4_Emilia_923.mtx
Executing: mv /local/panastas/Div_suite/Divz_-4_Emilia_923.mtx /local/panastas/Div_suite/Oversized_500M/Divz_-4_Emilia_923.mtx
Found oversized file: Divz_-3_af_1_k101.mtx
Executing: mv /local/panastas/Div_suite/Divz_-3_af_1_k101.mtx /local/panastas/Div_suite/Oversized_500M/Divz_-3_af_1_k101.mtx
Found oversized file: Divz_6_packing-500x100x100-b050.mtx
Executing: mv /local/panastas/Div_suite/Divz_6_packing-500x100x100-b050.mtx /local/panastas/Div_suite/Oversized_500M/Divz_6_packing-500x100x100-b050.mtx
Found oversized file: Divz_8_dielFilterV3real.mtx
Executing: mv /local/panastas/Div_suite/Divz_8_dielFilterV3real.mtx /local/panastas/Div_suite/Oversized_500M/Divz_8_dielFilterV3real.mtx
Found oversized file: Divz_2_eu-2005.mtx
Executing: mv /local/panastas/Div_suite/Divz_2_eu-2005.mtx /local/panastas/Div_suite/Oversized_500M/Divz_2_eu-2005.mtx
Found oversized file: Divz_-6_patents.mtx
Executing: mv /local/panastas/Div_suite/Divz_-6_patents.mtx /local/panastas/Div_suite/Oversized_500M/Divz_-6_patents.mtx
Found oversized file: Divz_-6_human_gene1.mtx
Executing: mv /local/panastas/Div_suite/Divz_-6_human_gene1.mtx /local/panastas/Div_suite/Oversized_500M/Divz_-6_human_gene1.mtx
Found oversized file: Divz_3_eu-2005.mtx
Executing: mv /local/panastas/Div_suite/Divz_3_eu-2005.mtx /local/panastas/Div_suite/Oversized_500M/Divz_3_eu-2005.mtx
Found oversized file: Divz_-6_rajat31.mtx
Executing: mv /local/panastas/Div_suite/Divz_-6_rajat31.mtx /local/panastas/Div_suite/Oversized_500M/Divz_-6_rajat31.mtx
Found oversized file: Divz_2_Freescale1.mtx
Executing: mv /local/panastas/Div_suite/Divz_2_Freescale1.mtx /local/panastas/Div_suite/Oversized_500M/Divz_2_Freescale1.mtx
Found oversized file: Divz_-2_F1.mtx
Executing: mv /local/panastas/Div_suite/Divz_-2_F1.mtx /local/panastas/Div_suite/Oversized_500M/Divz_-2_F1.mtx
Found oversized file: Divz_8_CurlCurl_4.mtx
Executing: mv /local/panastas/Div_suite/Divz_8_CurlCurl_4.mtx /local/panastas/Div_suite/Oversized_500M/Divz_8_CurlCurl_4.mtx
Found oversized file: Divz_-2_GL7d19.mtx
Executing: mv /local/panastas/Div_suite/Divz_-2_GL7d19.mtx /local/panastas/Div_suite/Oversized_500M/Divz_-2_GL7d19.mtx
Found oversized file: Divz_8_af_shell10.mtx
Executing: mv /local/panastas/Div_suite/Divz_8_af_shell10.mtx /local/panastas/Div_suite/Oversized_500M/Divz_8_af_shell10.mtx
Found oversized file: Divz_-3_adaptive.mtx
Executing: mv /local/panastas/Div_suite/Divz_-3_adaptive.mtx /local/panastas/Div_suite/Oversized_500M/Divz_-3_adaptive.mtx
Found oversized file: Divz_6_mouse_gene.mtx
Executing: mv /local/panastas/Div_suite/Divz_6_mouse_gene.mtx /local/panastas/Div_suite/Oversized_500M/Divz_6_mouse_gene.mtx
Found oversized file: Divz_-8_af_1_k101.mtx
Executing: mv /local/panastas/Div_suite/Divz_-8_af_1_k101.mtx /local/panastas/Div_suite/Oversized_500M/Divz_-8_af_1_k101.mtx
Found oversized file: Divz_-6_wikipedia-20061104.mtx
Executing: mv /local/panastas/Div_suite/Divz_-6_wikipedia-20061104.mtx /local/panastas/Div_suite/Oversized_500M/Divz_-6_wikipedia-20061104.mtx
Found oversized file: Divz_8_Freescale1.mtx
Executing: mv /local/panastas/Div_suite/Divz_8_Freescale1.mtx /local/panastas/Div_suite/Oversized_500M/Divz_8_Freescale1.mtx
Found oversized file: Divz_-2_af_2_k101.mtx
Executing: mv /local/panastas/Div_suite/Divz_-2_af_2_k101.mtx /local/panastas/Div_suite/Oversized_500M/Divz_-2_af_2_k101.mtx
Found oversized file: Divz_-8_packing-500x100x100-b050.mtx
Executing: mv /local/panastas/Div_suite/Divz_-8_packing-500x100x100-b050.mtx /local/panastas/Div_suite/Oversized_500M/Divz_-8_packing-500x100x100-b050.mtx
Found oversized file: Divz_6_Freescale1.mtx
Executing: mv /local/panastas/Div_suite/Divz_6_Freescale1.mtx /local/panastas/Div_suite/Oversized_500M/Divz_6_Freescale1.mtx
Found oversized file: Divz_3_circuit5M_dc.mtx
Executing: mv /local/panastas/Div_suite/Divz_3_circuit5M_dc.mtx /local/panastas/Div_suite/Oversized_500M/Divz_3_circuit5M_dc.mtx
Found oversized file: Divz_-8_adaptive.mtx
Executing: mv /local/panastas/Div_suite/Divz_-8_adaptive.mtx /local/panastas/Div_suite/Oversized_500M/Divz_-8_adaptive.mtx
Found oversized file: Divz_2_GL7d18.mtx
Executing: mv /local/panastas/Div_suite/Divz_2_GL7d18.mtx /local/panastas/Div_suite/Oversized_500M/Divz_2_GL7d18.mtx
Found oversized file: Divz_3_RM07R.mtx
Executing: mv /local/panastas/Div_suite/Divz_3_RM07R.mtx /local/panastas/Div_suite/Oversized_500M/Divz_3_RM07R.mtx
Found oversized file: Divz_6_FullChip.mtx
Executing: mv /local/panastas/Div_suite/Divz_6_FullChip.mtx /local/panastas/Div_suite/Oversized_500M/Divz_6_FullChip.mtx
Found oversized file: Divz_-3_kkt_power.mtx
Executing: mv /local/panastas/Div_suite/Divz_-3_kkt_power.mtx /local/panastas/Div_suite/Oversized_500M/Divz_-3_kkt_power.mtx
Found oversized file: Divz_4_hugebubbles-00010.mtx
Executing: mv /local/panastas/Div_suite/Divz_4_hugebubbles-00010.mtx /local/panastas/Div_suite/Oversized_500M/Divz_4_hugebubbles-00010.mtx
Found oversized file: Divz_-2_patents.mtx
Executing: mv /local/panastas/Div_suite/Divz_-2_patents.mtx /local/panastas/Div_suite/Oversized_500M/Divz_-2_patents.mtx
Found oversized file: Divz_-3_circuit5M_dc.mtx
Executing: mv /local/panastas/Div_suite/Divz_-3_circuit5M_dc.mtx /local/panastas/Div_suite/Oversized_500M/Divz_-3_circuit5M_dc.mtx
Found oversized file: Divz_8_packing-500x100x100-b050.mtx
Executing: mv /local/panastas/Div_suite/Divz_8_packing-500x100x100-b050.mtx /local/panastas/Div_suite/Oversized_500M/Divz_8_packing-500x100x100-b050.mtx
Found oversized file: Divz_-3_Freescale1.mtx
Executing: mv /local/panastas/Div_suite/Divz_-3_Freescale1.mtx /local/panastas/Div_suite/Oversized_500M/Divz_-3_Freescale1.mtx
Found oversized file: Divz_-6_wikipedia-20051105.mtx
Executing: mv /local/panastas/Div_suite/Divz_-6_wikipedia-20051105.mtx /local/panastas/Div_suite/Oversized_500M/Divz_-6_wikipedia-20051105.mtx
Found oversized file: Divz_-3_TSOPF_RS_b2383.mtx
Executing: mv /local/panastas/Div_suite/Divz_-3_TSOPF_RS_b2383.mtx /local/panastas/Div_suite/Oversized_500M/Divz_-3_TSOPF_RS_b2383.mtx
Found oversized file: Divz_2_GL7d19.mtx
Executing: mv /local/panastas/Div_suite/Divz_2_GL7d19.mtx /local/panastas/Div_suite/Oversized_500M/Divz_2_GL7d19.mtx
Found oversized file: Divz_-2_hugetric-00020.mtx
Executing: mv /local/panastas/Div_suite/Divz_-2_hugetric-00020.mtx /local/panastas/Div_suite/Oversized_500M/Divz_-2_hugetric-00020.mtx
Found oversized file: Divz_-8_wikipedia-20061104.mtx
Executing: mv /local/panastas/Div_suite/Divz_-8_wikipedia-20061104.mtx /local/panastas/Div_suite/Oversized_500M/Divz_-8_wikipedia-20061104.mtx
Found oversized file: Divz_-2_msdoor.mtx
Executing: mv /local/panastas/Div_suite/Divz_-2_msdoor.mtx /local/panastas/Div_suite/Oversized_500M/Divz_-2_msdoor.mtx
Found oversized file: Divz_2_TSOPF_RS_b2383.mtx
Executing: mv /local/panastas/Div_suite/Divz_2_TSOPF_RS_b2383.mtx /local/panastas/Div_suite/Oversized_500M/Divz_2_TSOPF_RS_b2383.mtx
Found oversized file: Divz_-3_packing-500x100x100-b050.mtx
Executing: mv /local/panastas/Div_suite/Divz_-3_packing-500x100x100-b050.mtx /local/panastas/Div_suite/Oversized_500M/Divz_-3_packing-500x100x100-b050.mtx
Found oversized file: Divz_3_spal_004.mtx
Executing: mv /local/panastas/Div_suite/Divz_3_spal_004.mtx /local/panastas/Div_suite/Oversized_500M/Divz_3_spal_004.mtx
Found oversized file: Divz_-8_Emilia_923.mtx
Executing: mv /local/panastas/Div_suite/Divz_-8_Emilia_923.mtx /local/panastas/Div_suite/Oversized_500M/Divz_-8_Emilia_923.mtx
Found oversized file: Divz_-2_TSOPF_RS_b2383.mtx
Executing: mv /local/panastas/Div_suite/Divz_-2_TSOPF_RS_b2383.mtx /local/panastas/Div_suite/Oversized_500M/Divz_-2_TSOPF_RS_b2383.mtx
Found oversized file: Divz_-8_GL7d18.mtx
Executing: mv /local/panastas/Div_suite/Divz_-8_GL7d18.mtx /local/panastas/Div_suite/Oversized_500M/Divz_-8_GL7d18.mtx
Found oversized file: Divz_4_hugebubbles-00020.mtx
Executing: mv /local/panastas/Div_suite/Divz_4_hugebubbles-00020.mtx /local/panastas/Div_suite/Oversized_500M/Divz_4_hugebubbles-00020.mtx
Found oversized file: Divz_-2_packing-500x100x100-b050.mtx
Executing: mv /local/panastas/Div_suite/Divz_-2_packing-500x100x100-b050.mtx /local/panastas/Div_suite/Oversized_500M/Divz_-2_packing-500x100x100-b050.mtx
Found oversized file: Divz_-8_af_shell6.mtx
Executing: mv /local/panastas/Div_suite/Divz_-8_af_shell6.mtx /local/panastas/Div_suite/Oversized_500M/Divz_-8_af_shell6.mtx
Found oversized file: Divz_8_bone010.mtx
Executing: mv /local/panastas/Div_suite/Divz_8_bone010.mtx /local/panastas/Div_suite/Oversized_500M/Divz_8_bone010.mtx
Found oversized file: Divz_-8_wikipedia-20060925.mtx
Executing: mv /local/panastas/Div_suite/Divz_-8_wikipedia-20060925.mtx /local/panastas/Div_suite/Oversized_500M/Divz_-8_wikipedia-20060925.mtx
Found oversized file: Divz_-2_Emilia_923.mtx
Executing: mv /local/panastas/Div_suite/Divz_-2_Emilia_923.mtx /local/panastas/Div_suite/Oversized_500M/Divz_-2_Emilia_923.mtx
Found oversized file: Divz_3_packing-500x100x100-b050.mtx
Executing: mv /local/panastas/Div_suite/Divz_3_packing-500x100x100-b050.mtx /local/panastas/Div_suite/Oversized_500M/Divz_3_packing-500x100x100-b050.mtx
Found oversized file: Divz_2_dielFilterV3real.mtx
Executing: mv /local/panastas/Div_suite/Divz_2_dielFilterV3real.mtx /local/panastas/Div_suite/Oversized_500M/Divz_2_dielFilterV3real.mtx
Found oversized file: Divz_-2_Ga41As41H72.mtx
Executing: mv /local/panastas/Div_suite/Divz_-2_Ga41As41H72.mtx /local/panastas/Div_suite/Oversized_500M/Divz_-2_Ga41As41H72.mtx
Found a directory: Oversized_500M
Found oversized file: Divz_-2_wikipedia-20061104.mtx
Executing: mv /local/panastas/Div_suite/Divz_-2_wikipedia-20061104.mtx /local/panastas/Div_suite/Oversized_500M/Divz_-2_wikipedia-20061104.mtx
Found oversized file: Divz_-8_circuit5M_dc.mtx
Executing: mv /local/panastas/Div_suite/Divz_-8_circuit5M_dc.mtx /local/panastas/Div_suite/Oversized_500M/Divz_-8_circuit5M_dc.mtx
Found oversized file: Divz_-4_hugetric-00000.mtx
Executing: mv /local/panastas/Div_suite/Divz_-4_hugetric-00000.mtx /local/panastas/Div_suite/Oversized_500M/Divz_-4_hugetric-00000.mtx
Found oversized file: Divz_6_patents.mtx
Executing: mv /local/panastas/Div_suite/Divz_6_patents.mtx /local/panastas/Div_suite/Oversized_500M/Divz_6_patents.mtx
Found oversized file: Divz_6_Geo_1438.mtx
Executing: mv /local/panastas/Div_suite/Divz_6_Geo_1438.mtx /local/panastas/Div_suite/Oversized_500M/Divz_6_Geo_1438.mtx
Found oversized file: Divz_-8_F1.mtx
Executing: mv /local/panastas/Div_suite/Divz_-8_F1.mtx /local/panastas/Div_suite/Oversized_500M/Divz_-8_F1.mtx
Found oversized file: Divz_-3_cage14.mtx
Executing: mv /local/panastas/Div_suite/Divz_-3_cage14.mtx /local/panastas/Div_suite/Oversized_500M/Divz_-3_cage14.mtx
Found oversized file: Divz_-8_af_shell5.mtx
Executing: mv /local/panastas/Div_suite/Divz_-8_af_shell5.mtx /local/panastas/Div_suite/Oversized_500M/Divz_-8_af_shell5.mtx
Found oversized file: Divz_-6_hugetric-00020.mtx
Executing: mv /local/panastas/Div_suite/Divz_-6_hugetric-00020.mtx /local/panastas/Div_suite/Oversized_500M/Divz_-6_hugetric-00020.mtx
Found oversized file: Divz_-8_TSOPF_RS_b2383.mtx
Executing: mv /local/panastas/Div_suite/Divz_-8_TSOPF_RS_b2383.mtx /local/panastas/Div_suite/Oversized_500M/Divz_-8_TSOPF_RS_b2383.mtx
Found oversized file: Divz_3_FullChip.mtx
Executing: mv /local/panastas/Div_suite/Divz_3_FullChip.mtx /local/panastas/Div_suite/Oversized_500M/Divz_3_FullChip.mtx
Found oversized file: Divz_-3_bone010.mtx
Executing: mv /local/panastas/Div_suite/Divz_-3_bone010.mtx /local/panastas/Div_suite/Oversized_500M/Divz_-3_bone010.mtx
Found oversized file: Divz_6_wikipedia-20051105.mtx
Executing: mv /local/panastas/Div_suite/Divz_6_wikipedia-20051105.mtx /local/panastas/Div_suite/Oversized_500M/Divz_6_wikipedia-20051105.mtx
Found oversized file: Divz_-6_FullChip.mtx
Executing: mv /local/panastas/Div_suite/Divz_-6_FullChip.mtx /local/panastas/Div_suite/Oversized_500M/Divz_-6_FullChip.mtx
Found oversized file: Divz_8_FullChip.mtx
Executing: mv /local/panastas/Div_suite/Divz_8_FullChip.mtx /local/panastas/Div_suite/Oversized_500M/Divz_8_FullChip.mtx
Found oversized file: Divz_-2_nd24k.mtx
Executing: mv /local/panastas/Div_suite/Divz_-2_nd24k.mtx /local/panastas/Div_suite/Oversized_500M/Divz_-2_nd24k.mtx
Found oversized file: Divz_3_rajat31.mtx
Executing: mv /local/panastas/Div_suite/Divz_3_rajat31.mtx /local/panastas/Div_suite/Oversized_500M/Divz_3_rajat31.mtx
Found oversized file: Divz_-4_gsm_106857.mtx
Executing: mv /local/panastas/Div_suite/Divz_-4_gsm_106857.mtx /local/panastas/Div_suite/Oversized_500M/Divz_-4_gsm_106857.mtx
Found oversized file: Divz_2_coPapersCiteseer.mtx
Executing: mv /local/panastas/Div_suite/Divz_2_coPapersCiteseer.mtx /local/panastas/Div_suite/Oversized_500M/Divz_2_coPapersCiteseer.mtx
Found oversized file: Divz_-2_rajat31.mtx
Executing: mv /local/panastas/Div_suite/Divz_-2_rajat31.mtx /local/panastas/Div_suite/Oversized_500M/Divz_-2_rajat31.mtx
Found oversized file: Divz_6_hugetrace-00010.mtx
Executing: mv /local/panastas/Div_suite/Divz_6_hugetrace-00010.mtx /local/panastas/Div_suite/Oversized_500M/Divz_6_hugetrace-00010.mtx
Found oversized file: Divz_-8_rajat31.mtx
Executing: mv /local/panastas/Div_suite/Divz_-8_rajat31.mtx /local/panastas/Div_suite/Oversized_500M/Divz_-8_rajat31.mtx
Found oversized file: Divz_4_Emilia_923.mtx
Executing: mv /local/panastas/Div_suite/Divz_4_Emilia_923.mtx /local/panastas/Div_suite/Oversized_500M/Divz_4_Emilia_923.mtx
Found oversized file: Divz_-2_adaptive.mtx
Executing: mv /local/panastas/Div_suite/Divz_-2_adaptive.mtx /local/panastas/Div_suite/Oversized_500M/Divz_-2_adaptive.mtx
Found oversized file: Divz_-3_rajat31.mtx
Executing: mv /local/panastas/Div_suite/Divz_-3_rajat31.mtx /local/panastas/Div_suite/Oversized_500M/Divz_-3_rajat31.mtx
Found oversized file: Divz_2_Geo_1438.mtx
Executing: mv /local/panastas/Div_suite/Divz_2_Geo_1438.mtx /local/panastas/Div_suite/Oversized_500M/Divz_2_Geo_1438.mtx
Found oversized file: Divz_-3_af_shell6.mtx
Executing: mv /local/panastas/Div_suite/Divz_-3_af_shell6.mtx /local/panastas/Div_suite/Oversized_500M/Divz_-3_af_shell6.mtx
Found oversized file: Divz_-8_hugetric-00020.mtx
Executing: mv /local/panastas/Div_suite/Divz_-8_hugetric-00020.mtx /local/panastas/Div_suite/Oversized_500M/Divz_-8_hugetric-00020.mtx
Found oversized file: Divz_-3_delaunay_n22.mtx
Executing: mv /local/panastas/Div_suite/Divz_-3_delaunay_n22.mtx /local/panastas/Div_suite/Oversized_500M/Divz_-3_delaunay_n22.mtx
Found oversized file: Divz_-8_kim2.mtx
Executing: mv /local/panastas/Div_suite/Divz_-8_kim2.mtx /local/panastas/Div_suite/Oversized_500M/Divz_-8_kim2.mtx
Found oversized file: Divz_-3_in-2004.mtx
Executing: mv /local/panastas/Div_suite/Divz_-3_in-2004.mtx /local/panastas/Div_suite/Oversized_500M/Divz_-3_in-2004.mtx
Found oversized file: Divz_-3_coPapersDBLP.mtx
Executing: mv /local/panastas/Div_suite/Divz_-3_coPapersDBLP.mtx /local/panastas/Div_suite/Oversized_500M/Divz_-3_coPapersDBLP.mtx
Found oversized file: Divz_8_hugebubbles-00020.mtx
Executing: mv /local/panastas/Div_suite/Divz_8_hugebubbles-00020.mtx /local/panastas/Div_suite/Oversized_500M/Divz_8_hugebubbles-00020.mtx
Found oversized file: Divz_-6_gsm_106857.mtx
Executing: mv /local/panastas/Div_suite/Divz_-6_gsm_106857.mtx /local/panastas/Div_suite/Oversized_500M/Divz_-6_gsm_106857.mtx
Found oversized file: Divz_-3_Ga41As41H72.mtx
Executing: mv /local/panastas/Div_suite/Divz_-3_Ga41As41H72.mtx /local/panastas/Div_suite/Oversized_500M/Divz_-3_Ga41As41H72.mtx
Found oversized file: Divz_-6_inline_1.mtx
Executing: mv /local/panastas/Div_suite/Divz_-6_inline_1.mtx /local/panastas/Div_suite/Oversized_500M/Divz_-6_inline_1.mtx
Found oversized file: Divz_-3_hugetric-00020.mtx
Executing: mv /local/panastas/Div_suite/Divz_-3_hugetric-00020.mtx /local/panastas/Div_suite/Oversized_500M/Divz_-3_hugetric-00020.mtx
Found oversized file: Divz_-6_Si41Ge41H72.mtx
Executing: mv /local/panastas/Div_suite/Divz_-6_Si41Ge41H72.mtx /local/panastas/Div_suite/Oversized_500M/Divz_-6_Si41Ge41H72.mtx
Found oversized file: Divz_-4_af_3_k101.mtx
Executing: mv /local/panastas/Div_suite/Divz_-4_af_3_k101.mtx /local/panastas/Div_suite/Oversized_500M/Divz_-4_af_3_k101.mtx
Found oversized file: Divz_-6_GL7d19.mtx
Executing: mv /local/panastas/Div_suite/Divz_-6_GL7d19.mtx /local/panastas/Div_suite/Oversized_500M/Divz_-6_GL7d19.mtx
Found oversized file: Divz_-6_venturiLevel3.mtx
Executing: mv /local/panastas/Div_suite/Divz_-6_venturiLevel3.mtx /local/panastas/Div_suite/Oversized_500M/Divz_-6_venturiLevel3.mtx
Found oversized file: Divz_-4_GL7d18.mtx
Executing: mv /local/panastas/Div_suite/Divz_-4_GL7d18.mtx /local/panastas/Div_suite/Oversized_500M/Divz_-4_GL7d18.mtx
Found oversized file: Divz_-6_cage14.mtx
Executing: mv /local/panastas/Div_suite/Divz_-6_cage14.mtx /local/panastas/Div_suite/Oversized_500M/Divz_-6_cage14.mtx
Found oversized file: Divz_-4_rajat31.mtx
Executing: mv /local/panastas/Div_suite/Divz_-4_rajat31.mtx /local/panastas/Div_suite/Oversized_500M/Divz_-4_rajat31.mtx
Found oversized file: Divz_-2_gsm_106857.mtx
Executing: mv /local/panastas/Div_suite/Divz_-2_gsm_106857.mtx /local/panastas/Div_suite/Oversized_500M/Divz_-2_gsm_106857.mtx
Found oversized file: Divz_3_coPapersDBLP.mtx
Executing: mv /local/panastas/Div_suite/Divz_3_coPapersDBLP.mtx /local/panastas/Div_suite/Oversized_500M/Divz_3_coPapersDBLP.mtx
Found oversized file: Divz_3_hugebubbles-00020.mtx
Executing: mv /local/panastas/Div_suite/Divz_3_hugebubbles-00020.mtx /local/panastas/Div_suite/Oversized_500M/Divz_3_hugebubbles-00020.mtx
Found oversized file: Divz_-8_Freescale1.mtx
Executing: mv /local/panastas/Div_suite/Divz_-8_Freescale1.mtx /local/panastas/Div_suite/Oversized_500M/Divz_-8_Freescale1.mtx
Found oversized file: Divz_-6_packing-500x100x100-b050.mtx
Executing: mv /local/panastas/Div_suite/Divz_-6_packing-500x100x100-b050.mtx /local/panastas/Div_suite/Oversized_500M/Divz_-6_packing-500x100x100-b050.mtx
Found oversized file: Divz_6_boneS10.mtx
Executing: mv /local/panastas/Div_suite/Divz_6_boneS10.mtx /local/panastas/Div_suite/Oversized_500M/Divz_6_boneS10.mtx
Found oversized file: Divz_-6_af_shell6.mtx
Executing: mv /local/panastas/Div_suite/Divz_-6_af_shell6.mtx /local/panastas/Div_suite/Oversized_500M/Divz_-6_af_shell6.mtx
Found oversized file: Divz_8_hugebubbles-00010.mtx
Executing: mv /local/panastas/Div_suite/Divz_8_hugebubbles-00010.mtx /local/panastas/Div_suite/Oversized_500M/Divz_8_hugebubbles-00010.mtx
Found oversized file: Divz_-2_cage14.mtx
Executing: mv /local/panastas/Div_suite/Divz_-2_cage14.mtx /local/panastas/Div_suite/Oversized_500M/Divz_-2_cage14.mtx
Found oversized file: Divz_4_mouse_gene.mtx
Executing: mv /local/panastas/Div_suite/Divz_4_mouse_gene.mtx /local/panastas/Div_suite/Oversized_500M/Divz_4_mouse_gene.mtx
Found oversized file: Divz_6_in-2004.mtx
Executing: mv /local/panastas/Div_suite/Divz_6_in-2004.mtx /local/panastas/Div_suite/Oversized_500M/Divz_6_in-2004.mtx
Found oversized file: Divz_6_coPapersDBLP.mtx
Executing: mv /local/panastas/Div_suite/Divz_6_coPapersDBLP.mtx /local/panastas/Div_suite/Oversized_500M/Divz_6_coPapersDBLP.mtx
Found oversized file: Divz_4_hugetrace-00010.mtx
Executing: mv /local/panastas/Div_suite/Divz_4_hugetrace-00010.mtx /local/panastas/Div_suite/Oversized_500M/Divz_4_hugetrace-00010.mtx
Found oversized file: Divz_-4_hugetrace-00010.mtx
Executing: mv /local/panastas/Div_suite/Divz_-4_hugetrace-00010.mtx /local/panastas/Div_suite/Oversized_500M/Divz_-4_hugetrace-00010.mtx
Found oversized file: Divz_-4_af_0_k101.mtx
Executing: mv /local/panastas/Div_suite/Divz_-4_af_0_k101.mtx /local/panastas/Div_suite/Oversized_500M/Divz_-4_af_0_k101.mtx
Found oversized file: Divz_-4_mouse_gene.mtx
Executing: mv /local/panastas/Div_suite/Divz_-4_mouse_gene.mtx /local/panastas/Div_suite/Oversized_500M/Divz_-4_mouse_gene.mtx
Found oversized file: Divz_-6_wikipedia-20060925.mtx
Executing: mv /local/panastas/Div_suite/Divz_-6_wikipedia-20060925.mtx /local/panastas/Div_suite/Oversized_500M/Divz_-6_wikipedia-20060925.mtx
Found oversized file: Divz_2_af_shell10.mtx
Executing: mv /local/panastas/Div_suite/Divz_2_af_shell10.mtx /local/panastas/Div_suite/Oversized_500M/Divz_2_af_shell10.mtx
Found oversized file: Divz_8_boneS10.mtx
Executing: mv /local/panastas/Div_suite/Divz_8_boneS10.mtx /local/panastas/Div_suite/Oversized_500M/Divz_8_boneS10.mtx
Found oversized file: Divz_8_wikipedia-20061104.mtx
Executing: mv /local/panastas/Div_suite/Divz_8_wikipedia-20061104.mtx /local/panastas/Div_suite/Oversized_500M/Divz_8_wikipedia-20061104.mtx
Found oversized file: Divz_-4_nlpkkt80.mtx
Executing: mv /local/panastas/Div_suite/Divz_-4_nlpkkt80.mtx /local/panastas/Div_suite/Oversized_500M/Divz_-4_nlpkkt80.mtx
Found oversized file: Divz_-4_Freescale1.mtx
Executing: mv /local/panastas/Div_suite/Divz_-4_Freescale1.mtx /local/panastas/Div_suite/Oversized_500M/Divz_-4_Freescale1.mtx
Found oversized file: Divz_6_kim2.mtx
Executing: mv /local/panastas/Div_suite/Divz_6_kim2.mtx /local/panastas/Div_suite/Oversized_500M/Divz_6_kim2.mtx
Found oversized file: Divz_4_hugebubbles-00000.mtx
Executing: mv /local/panastas/Div_suite/Divz_4_hugebubbles-00000.mtx /local/panastas/Div_suite/Oversized_500M/Divz_4_hugebubbles-00000.mtx
Found oversized file: Divz_3_ldoor.mtx
Executing: mv /local/panastas/Div_suite/Divz_3_ldoor.mtx /local/panastas/Div_suite/Oversized_500M/Divz_3_ldoor.mtx
Found oversized file: Divz_4_TSOPF_RS_b2383.mtx
Executing: mv /local/panastas/Div_suite/Divz_4_TSOPF_RS_b2383.mtx /local/panastas/Div_suite/Oversized_500M/Divz_4_TSOPF_RS_b2383.mtx
Found oversized file: Divz_-8_af_3_k101.mtx
Executing: mv /local/panastas/Div_suite/Divz_-8_af_3_k101.mtx /local/panastas/Div_suite/Oversized_500M/Divz_-8_af_3_k101.mtx
Found oversized file: Divz_4_circuit5M_dc.mtx
Executing: mv /local/panastas/Div_suite/Divz_4_circuit5M_dc.mtx /local/panastas/Div_suite/Oversized_500M/Divz_4_circuit5M_dc.mtx
Found oversized file: Divz_-3_GL7d18.mtx
Executing: mv /local/panastas/Div_suite/Divz_-3_GL7d18.mtx /local/panastas/Div_suite/Oversized_500M/Divz_-3_GL7d18.mtx
Found oversized file: Divz_-3_msdoor.mtx
Executing: mv /local/panastas/Div_suite/Divz_-3_msdoor.mtx /local/panastas/Div_suite/Oversized_500M/Divz_-3_msdoor.mtx
Found oversized file: Divz_-8_human_gene1.mtx
Executing: mv /local/panastas/Div_suite/Divz_-8_human_gene1.mtx /local/panastas/Div_suite/Oversized_500M/Divz_-8_human_gene1.mtx
Found oversized file: Divz_-6_human_gene2.mtx
Executing: mv /local/panastas/Div_suite/Divz_-6_human_gene2.mtx /local/panastas/Div_suite/Oversized_500M/Divz_-6_human_gene2.mtx
Found oversized file: Divz_3_wikipedia-20051105.mtx
Executing: mv /local/panastas/Div_suite/Divz_3_wikipedia-20051105.mtx /local/panastas/Div_suite/Oversized_500M/Divz_3_wikipedia-20051105.mtx
Found oversized file: Divz_-6_nlpkkt80.mtx
Executing: mv /local/panastas/Div_suite/Divz_-6_nlpkkt80.mtx /local/panastas/Div_suite/Oversized_500M/Divz_-6_nlpkkt80.mtx
Found oversized file: Divz_-6_StocF-1465.mtx
Executing: mv /local/panastas/Div_suite/Divz_-6_StocF-1465.mtx /local/panastas/Div_suite/Oversized_500M/Divz_-6_StocF-1465.mtx
Found oversized file: Divz_6_TSOPF_RS_b2383.mtx
Executing: mv /local/panastas/Div_suite/Divz_6_TSOPF_RS_b2383.mtx /local/panastas/Div_suite/Oversized_500M/Divz_6_TSOPF_RS_b2383.mtx
Found oversized file: Divz_8_kim2.mtx
Executing: mv /local/panastas/Div_suite/Divz_8_kim2.mtx /local/panastas/Div_suite/Oversized_500M/Divz_8_kim2.mtx
Found oversized file: Divz_-4_packing-500x100x100-b050.mtx
Executing: mv /local/panastas/Div_suite/Divz_-4_packing-500x100x100-b050.mtx /local/panastas/Div_suite/Oversized_500M/Divz_-4_packing-500x100x100-b050.mtx
Found oversized file: Divz_3_GL7d18.mtx
Executing: mv /local/panastas/Div_suite/Divz_3_GL7d18.mtx /local/panastas/Div_suite/Oversized_500M/Divz_3_GL7d18.mtx
Found oversized file: Divz_-3_wikipedia-20051105.mtx
Executing: mv /local/panastas/Div_suite/Divz_-3_wikipedia-20051105.mtx /local/panastas/Div_suite/Oversized_500M/Divz_-3_wikipedia-20051105.mtx
Found oversized file: Divz_3_CurlCurl_4.mtx
Executing: mv /local/panastas/Div_suite/Divz_3_CurlCurl_4.mtx /local/panastas/Div_suite/Oversized_500M/Divz_3_CurlCurl_4.mtx
Found oversized file: Divz_-8_kkt_power.mtx
Executing: mv /local/panastas/Div_suite/Divz_-8_kkt_power.mtx /local/panastas/Div_suite/Oversized_500M/Divz_-8_kkt_power.mtx
Found oversized file: Divz_-6_msdoor.mtx
Executing: mv /local/panastas/Div_suite/Divz_-6_msdoor.mtx /local/panastas/Div_suite/Oversized_500M/Divz_-6_msdoor.mtx
Found oversized file: Divz_6_cage14.mtx
Executing: mv /local/panastas/Div_suite/Divz_6_cage14.mtx /local/panastas/Div_suite/Oversized_500M/Divz_6_cage14.mtx
Found oversized file: Divz_-3_coPapersCiteseer.mtx
Executing: mv /local/panastas/Div_suite/Divz_-3_coPapersCiteseer.mtx /local/panastas/Div_suite/Oversized_500M/Divz_-3_coPapersCiteseer.mtx
Found oversized file: Divz_6_dielFilterV3real.mtx
Executing: mv /local/panastas/Div_suite/Divz_6_dielFilterV3real.mtx /local/panastas/Div_suite/Oversized_500M/Divz_6_dielFilterV3real.mtx
Found oversized file: Divz_-4_cage14.mtx
Executing: mv /local/panastas/Div_suite/Divz_-4_cage14.mtx /local/panastas/Div_suite/Oversized_500M/Divz_-4_cage14.mtx
Found oversized file: Divz_-6_Ga41As41H72.mtx
Executing: mv /local/panastas/Div_suite/Divz_-6_Ga41As41H72.mtx /local/panastas/Div_suite/Oversized_500M/Divz_-6_Ga41As41H72.mtx
Found oversized file: Divz_-2_nlpkkt80.mtx
Executing: mv /local/panastas/Div_suite/Divz_-2_nlpkkt80.mtx /local/panastas/Div_suite/Oversized_500M/Divz_-2_nlpkkt80.mtx
Found oversized file: Divz_6_GL7d19.mtx
Executing: mv /local/panastas/Div_suite/Divz_6_GL7d19.mtx /local/panastas/Div_suite/Oversized_500M/Divz_6_GL7d19.mtx
Found oversized file: Divz_6_ldoor.mtx
Executing: mv /local/panastas/Div_suite/Divz_6_ldoor.mtx /local/panastas/Div_suite/Oversized_500M/Divz_6_ldoor.mtx
Found oversized file: Divz_3_memchip.mtx
Executing: mv /local/panastas/Div_suite/Divz_3_memchip.mtx /local/panastas/Div_suite/Oversized_500M/Divz_3_memchip.mtx
Found oversized file: Divz_6_RM07R.mtx
Executing: mv /local/panastas/Div_suite/Divz_6_RM07R.mtx /local/panastas/Div_suite/Oversized_500M/Divz_6_RM07R.mtx
Found oversized file: Divz_-2_af_1_k101.mtx
Executing: mv /local/panastas/Div_suite/Divz_-2_af_1_k101.mtx /local/panastas/Div_suite/Oversized_500M/Divz_-2_af_1_k101.mtx
Found oversized file: Divz_2_Serena.mtx
Executing: mv /local/panastas/Div_suite/Divz_2_Serena.mtx /local/panastas/Div_suite/Oversized_500M/Divz_2_Serena.mtx
Found oversized file: Divz_8_spal_004.mtx
Executing: mv /local/panastas/Div_suite/Divz_8_spal_004.mtx /local/panastas/Div_suite/Oversized_500M/Divz_8_spal_004.mtx
Found oversized file: Divz_-3_CurlCurl_4.mtx
Executing: mv /local/panastas/Div_suite/Divz_-3_CurlCurl_4.mtx /local/panastas/Div_suite/Oversized_500M/Divz_-3_CurlCurl_4.mtx
Found oversized file: Divz_-6_memchip.mtx
Executing: mv /local/panastas/Div_suite/Divz_-6_memchip.mtx /local/panastas/Div_suite/Oversized_500M/Divz_-6_memchip.mtx
Found oversized file: Divz_6_hugebubbles-00000.mtx
Executing: mv /local/panastas/Div_suite/Divz_6_hugebubbles-00000.mtx /local/panastas/Div_suite/Oversized_500M/Divz_6_hugebubbles-00000.mtx
Found oversized file: Divz_2_packing-500x100x100-b050.mtx
Executing: mv /local/panastas/Div_suite/Divz_2_packing-500x100x100-b050.mtx /local/panastas/Div_suite/Oversized_500M/Divz_2_packing-500x100x100-b050.mtx
Found oversized file: Divz_2_patents.mtx
Executing: mv /local/panastas/Div_suite/Divz_2_patents.mtx /local/panastas/Div_suite/Oversized_500M/Divz_2_patents.mtx
Found oversized file: Divz_-4_TSOPF_RS_b2383.mtx
Executing: mv /local/panastas/Div_suite/Divz_-4_TSOPF_RS_b2383.mtx /local/panastas/Div_suite/Oversized_500M/Divz_-4_TSOPF_RS_b2383.mtx
Found oversized file: Divz_-4_human_gene1.mtx
Executing: mv /local/panastas/Div_suite/Divz_-4_human_gene1.mtx /local/panastas/Div_suite/Oversized_500M/Divz_-4_human_gene1.mtx
Found oversized file: Divz_-4_spal_004.mtx
Executing: mv /local/panastas/Div_suite/Divz_-4_spal_004.mtx /local/panastas/Div_suite/Oversized_500M/Divz_-4_spal_004.mtx
Found oversized file: Divz_-2_bone010.mtx
Executing: mv /local/panastas/Div_suite/Divz_-2_bone010.mtx /local/panastas/Div_suite/Oversized_500M/Divz_-2_bone010.mtx
Found oversized file: Divz_4_in-2004.mtx
Executing: mv /local/panastas/Div_suite/Divz_4_in-2004.mtx /local/panastas/Div_suite/Oversized_500M/Divz_4_in-2004.mtx
Found oversized file: Divz_8_wikipedia-20060925.mtx
Executing: mv /local/panastas/Div_suite/Divz_8_wikipedia-20060925.mtx /local/panastas/Div_suite/Oversized_500M/Divz_8_wikipedia-20060925.mtx
Found oversized file: Divz_4_GL7d19.mtx
Executing: mv /local/panastas/Div_suite/Divz_4_GL7d19.mtx /local/panastas/Div_suite/Oversized_500M/Divz_4_GL7d19.mtx
Found oversized file: Divz_-4_human_gene2.mtx
Executing: mv /local/panastas/Div_suite/Divz_-4_human_gene2.mtx /local/panastas/Div_suite/Oversized_500M/Divz_-4_human_gene2.mtx
Found oversized file: Divz_-8_wikipedia-20051105.mtx
Executing: mv /local/panastas/Div_suite/Divz_-8_wikipedia-20051105.mtx /local/panastas/Div_suite/Oversized_500M/Divz_-8_wikipedia-20051105.mtx
Found oversized file: Divz_8_Geo_1438.mtx
Executing: mv /local/panastas/Div_suite/Divz_8_Geo_1438.mtx /local/panastas/Div_suite/Oversized_500M/Divz_8_Geo_1438.mtx
Found oversized file: Divz_8_circuit5M_dc.mtx
Executing: mv /local/panastas/Div_suite/Divz_8_circuit5M_dc.mtx /local/panastas/Div_suite/Oversized_500M/Divz_8_circuit5M_dc.mtx
Found oversized file: Divz_3_hugebubbles-00010.mtx
Executing: mv /local/panastas/Div_suite/Divz_3_hugebubbles-00010.mtx /local/panastas/Div_suite/Oversized_500M/Divz_3_hugebubbles-00010.mtx
Found oversized file: Divz_3_GL7d19.mtx
Executing: mv /local/panastas/Div_suite/Divz_3_GL7d19.mtx /local/panastas/Div_suite/Oversized_500M/Divz_3_GL7d19.mtx
Found oversized file: Divz_2_human_gene1.mtx
Executing: mv /local/panastas/Div_suite/Divz_2_human_gene1.mtx /local/panastas/Div_suite/Oversized_500M/Divz_2_human_gene1.mtx
Found oversized file: Divz_4_af_shell10.mtx
Executing: mv /local/panastas/Div_suite/Divz_4_af_shell10.mtx /local/panastas/Div_suite/Oversized_500M/Divz_4_af_shell10.mtx
Found oversized file: Divz_-6_kkt_power.mtx
Executing: mv /local/panastas/Div_suite/Divz_-6_kkt_power.mtx /local/panastas/Div_suite/Oversized_500M/Divz_-6_kkt_power.mtx
Found oversized file: Divz_-6_TSOPF_RS_b2383.mtx
Executing: mv /local/panastas/Div_suite/Divz_-6_TSOPF_RS_b2383.mtx /local/panastas/Div_suite/Oversized_500M/Divz_-6_TSOPF_RS_b2383.mtx
Found oversized file: Divz_2_memchip.mtx
Executing: mv /local/panastas/Div_suite/Divz_2_memchip.mtx /local/panastas/Div_suite/Oversized_500M/Divz_2_memchip.mtx
Found oversized file: Divz_-2_inline_1.mtx
Executing: mv /local/panastas/Div_suite/Divz_-2_inline_1.mtx /local/panastas/Div_suite/Oversized_500M/Divz_-2_inline_1.mtx
Found oversized file: Divz_2_mouse_gene.mtx
Executing: mv /local/panastas/Div_suite/Divz_2_mouse_gene.mtx /local/panastas/Div_suite/Oversized_500M/Divz_2_mouse_gene.mtx
Found oversized file: Divz_-2_af_3_k101.mtx
Executing: mv /local/panastas/Div_suite/Divz_-2_af_3_k101.mtx /local/panastas/Div_suite/Oversized_500M/Divz_-2_af_3_k101.mtx
Found oversized file: Divz_6_inline_1.mtx
Executing: mv /local/panastas/Div_suite/Divz_6_inline_1.mtx /local/panastas/Div_suite/Oversized_500M/Divz_6_inline_1.mtx
Found oversized file: Divz_-2_Freescale1.mtx
Executing: mv /local/panastas/Div_suite/Divz_-2_Freescale1.mtx /local/panastas/Div_suite/Oversized_500M/Divz_-2_Freescale1.mtx
Found oversized file: Divz_-6_mouse_gene.mtx
Executing: mv /local/panastas/Div_suite/Divz_-6_mouse_gene.mtx /local/panastas/Div_suite/Oversized_500M/Divz_-6_mouse_gene.mtx
Found oversized file: Divz_2_hugetrace-00020.mtx
Executing: mv /local/panastas/Div_suite/Divz_2_hugetrace-00020.mtx /local/panastas/Div_suite/Oversized_500M/Divz_2_hugetrace-00020.mtx
Found oversized file: Divz_8_cage14.mtx
Executing: mv /local/panastas/Div_suite/Divz_8_cage14.mtx /local/panastas/Div_suite/Oversized_500M/Divz_8_cage14.mtx
Found oversized file: Divz_8_patents.mtx
Executing: mv /local/panastas/Div_suite/Divz_8_patents.mtx /local/panastas/Div_suite/Oversized_500M/Divz_8_patents.mtx
Found oversized file: Divz_-3_gsm_106857.mtx
Executing: mv /local/panastas/Div_suite/Divz_-3_gsm_106857.mtx /local/panastas/Div_suite/Oversized_500M/Divz_-3_gsm_106857.mtx
Found oversized file: Divz_3_TSOPF_RS_b2383.mtx
Executing: mv /local/panastas/Div_suite/Divz_3_TSOPF_RS_b2383.mtx /local/panastas/Div_suite/Oversized_500M/Divz_3_TSOPF_RS_b2383.mtx
Found empty file: Divz_4_nlpkkt160.mtx
Found oversized file: Divz_4_inline_1.mtx
Executing: mv /local/panastas/Div_suite/Divz_4_inline_1.mtx /local/panastas/Div_suite/Oversized_500M/Divz_4_inline_1.mtx
Found oversized file: Divz_-8_coPapersDBLP.mtx
Executing: mv /local/panastas/Div_suite/Divz_-8_coPapersDBLP.mtx /local/panastas/Div_suite/Oversized_500M/Divz_-8_coPapersDBLP.mtx
Found oversized file: Divz_3_coPapersCiteseer.mtx
Executing: mv /local/panastas/Div_suite/Divz_3_coPapersCiteseer.mtx /local/panastas/Div_suite/Oversized_500M/Divz_3_coPapersCiteseer.mtx
Found oversized file: Divz_-8_af_0_k101.mtx
Executing: mv /local/panastas/Div_suite/Divz_-8_af_0_k101.mtx /local/panastas/Div_suite/Oversized_500M/Divz_-8_af_0_k101.mtx
Found oversized file: Divz_-6_delaunay_n22.mtx
Executing: mv /local/panastas/Div_suite/Divz_-6_delaunay_n22.mtx /local/panastas/Div_suite/Oversized_500M/Divz_-6_delaunay_n22.mtx
Found oversized file: Divz_-8_msdoor.mtx
Executing: mv /local/panastas/Div_suite/Divz_-8_msdoor.mtx /local/panastas/Div_suite/Oversized_500M/Divz_-8_msdoor.mtx
Found oversized file: Divz_8_wikipedia-20051105.mtx
Executing: mv /local/panastas/Div_suite/Divz_8_wikipedia-20051105.mtx /local/panastas/Div_suite/Oversized_500M/Divz_8_wikipedia-20051105.mtx
Found oversized file: Divz_-6_circuit5M_dc.mtx
Executing: mv /local/panastas/Div_suite/Divz_-6_circuit5M_dc.mtx /local/panastas/Div_suite/Oversized_500M/Divz_-6_circuit5M_dc.mtx
Found oversized file: Divz_-6_kim2.mtx
Executing: mv /local/panastas/Div_suite/Divz_-6_kim2.mtx /local/panastas/Div_suite/Oversized_500M/Divz_-6_kim2.mtx
Found oversized file: Divz_-3_af_2_k101.mtx
Executing: mv /local/panastas/Div_suite/Divz_-3_af_2_k101.mtx /local/panastas/Div_suite/Oversized_500M/Divz_-3_af_2_k101.mtx
Found oversized file: Divz_-6_Emilia_923.mtx
Executing: mv /local/panastas/Div_suite/Divz_-6_Emilia_923.mtx /local/panastas/Div_suite/Oversized_500M/Divz_-6_Emilia_923.mtx
Found oversized file: Divz_4_patents.mtx
Executing: mv /local/panastas/Div_suite/Divz_4_patents.mtx /local/panastas/Div_suite/Oversized_500M/Divz_4_patents.mtx
Found oversized file: Divz_4_coPapersCiteseer.mtx
Executing: mv /local/panastas/Div_suite/Divz_4_coPapersCiteseer.mtx /local/panastas/Div_suite/Oversized_500M/Divz_4_coPapersCiteseer.mtx
Found oversized file: Divz_4_coPapersDBLP.mtx
Executing: mv /local/panastas/Div_suite/Divz_4_coPapersDBLP.mtx /local/panastas/Div_suite/Oversized_500M/Divz_4_coPapersDBLP.mtx
Found oversized file: Divz_8_Hook_1498.mtx
Executing: mv /local/panastas/Div_suite/Divz_8_Hook_1498.mtx /local/panastas/Div_suite/Oversized_500M/Divz_8_Hook_1498.mtx
Found oversized file: Divz_-2_memchip.mtx
Executing: mv /local/panastas/Div_suite/Divz_-2_memchip.mtx /local/panastas/Div_suite/Oversized_500M/Divz_-2_memchip.mtx
Found oversized file: Divz_-8_Ga41As41H72.mtx
Executing: mv /local/panastas/Div_suite/Divz_-8_Ga41As41H72.mtx /local/panastas/Div_suite/Oversized_500M/Divz_-8_Ga41As41H72.mtx
Found oversized file: Divz_-3_hugetric-00010.mtx
Executing: mv /local/panastas/Div_suite/Divz_-3_hugetric-00010.mtx /local/panastas/Div_suite/Oversized_500M/Divz_-3_hugetric-00010.mtx
Found oversized file: Divz_-6_af_shell5.mtx
Executing: mv /local/panastas/Div_suite/Divz_-6_af_shell5.mtx /local/panastas/Div_suite/Oversized_500M/Divz_-6_af_shell5.mtx
Found oversized file: Divz_6_coPapersCiteseer.mtx
Executing: mv /local/panastas/Div_suite/Divz_6_coPapersCiteseer.mtx /local/panastas/Div_suite/Oversized_500M/Divz_6_coPapersCiteseer.mtx
Found oversized file: Divz_3_Geo_1438.mtx
Executing: mv /local/panastas/Div_suite/Divz_3_Geo_1438.mtx /local/panastas/Div_suite/Oversized_500M/Divz_3_Geo_1438.mtx
Found oversized file: Divz_8_ldoor.mtx
Executing: mv /local/panastas/Div_suite/Divz_8_ldoor.mtx /local/panastas/Div_suite/Oversized_500M/Divz_8_ldoor.mtx
Found oversized file: Divz_-3_venturiLevel3.mtx
Executing: mv /local/panastas/Div_suite/Divz_-3_venturiLevel3.mtx /local/panastas/Div_suite/Oversized_500M/Divz_-3_venturiLevel3.mtx
Found oversized file: Divz_-6_hugetric-00010.mtx
Executing: mv /local/panastas/Div_suite/Divz_-6_hugetric-00010.mtx /local/panastas/Div_suite/Oversized_500M/Divz_-6_hugetric-00010.mtx
Found oversized file: Divz_-6_F1.mtx
Executing: mv /local/panastas/Div_suite/Divz_-6_F1.mtx /local/panastas/Div_suite/Oversized_500M/Divz_-6_F1.mtx
Found oversized file: Divz_-4_af_1_k101.mtx
Executing: mv /local/panastas/Div_suite/Divz_-4_af_1_k101.mtx /local/panastas/Div_suite/Oversized_500M/Divz_-4_af_1_k101.mtx
Found oversized file: Divz_6_Hook_1498.mtx
Executing: mv /local/panastas/Div_suite/Divz_6_Hook_1498.mtx /local/panastas/Div_suite/Oversized_500M/Divz_6_Hook_1498.mtx
Found oversized file: Divz_8_eu-2005.mtx
Executing: mv /local/panastas/Div_suite/Divz_8_eu-2005.mtx /local/panastas/Div_suite/Oversized_500M/Divz_8_eu-2005.mtx
Found oversized file: Divz_-6_bone010.mtx
Executing: mv /local/panastas/Div_suite/Divz_-6_bone010.mtx /local/panastas/Div_suite/Oversized_500M/Divz_-6_bone010.mtx
Found oversized file: Divz_-2_GL7d18.mtx
Executing: mv /local/panastas/Div_suite/Divz_-2_GL7d18.mtx /local/panastas/Div_suite/Oversized_500M/Divz_-2_GL7d18.mtx
Found oversized file: Divz_3_boneS10.mtx
Executing: mv /local/panastas/Div_suite/Divz_3_boneS10.mtx /local/panastas/Div_suite/Oversized_500M/Divz_3_boneS10.mtx
Found oversized file: Divz_4_rajat31.mtx
Executing: mv /local/panastas/Div_suite/Divz_4_rajat31.mtx /local/panastas/Div_suite/Oversized_500M/Divz_4_rajat31.mtx
Found oversized file: Divz_-8_nd24k.mtx
Executing: mv /local/panastas/Div_suite/Divz_-8_nd24k.mtx /local/panastas/Div_suite/Oversized_500M/Divz_-8_nd24k.mtx
Found oversized file: Divz_3_inline_1.mtx
Executing: mv /local/panastas/Div_suite/Divz_3_inline_1.mtx /local/panastas/Div_suite/Oversized_500M/Divz_3_inline_1.mtx
Found oversized file: Divz_2_FullChip.mtx
Executing: mv /local/panastas/Div_suite/Divz_2_FullChip.mtx /local/panastas/Div_suite/Oversized_500M/Divz_2_FullChip.mtx
Found oversized file: Divz_-3_spal_004.mtx
Executing: mv /local/panastas/Div_suite/Divz_-3_spal_004.mtx /local/panastas/Div_suite/Oversized_500M/Divz_-3_spal_004.mtx
Found empty file: Divz_6_nlpkkt160.mtx
Found oversized file: Divz_-3_af_3_k101.mtx
Executing: mv /local/panastas/Div_suite/Divz_-3_af_3_k101.mtx /local/panastas/Div_suite/Oversized_500M/Divz_-3_af_3_k101.mtx
Found oversized file: Divz_-2_spal_004.mtx
Executing: mv /local/panastas/Div_suite/Divz_-2_spal_004.mtx /local/panastas/Div_suite/Oversized_500M/Divz_-2_spal_004.mtx
Found oversized file: Divz_-6_af_1_k101.mtx
Executing: mv /local/panastas/Div_suite/Divz_-6_af_1_k101.mtx /local/panastas/Div_suite/Oversized_500M/Divz_-6_af_1_k101.mtx
Found oversized file: Divz_-4_circuit5M_dc.mtx
Executing: mv /local/panastas/Div_suite/Divz_-4_circuit5M_dc.mtx /local/panastas/Div_suite/Oversized_500M/Divz_-4_circuit5M_dc.mtx
Found oversized file: Divz_-6_nd24k.mtx
Executing: mv /local/panastas/Div_suite/Divz_-6_nd24k.mtx /local/panastas/Div_suite/Oversized_500M/Divz_-6_nd24k.mtx
Found oversized file: Divz_-2_af_shell6.mtx
Executing: mv /local/panastas/Div_suite/Divz_-2_af_shell6.mtx /local/panastas/Div_suite/Oversized_500M/Divz_-2_af_shell6.mtx
Found oversized file: Divz_-4_coPapersCiteseer.mtx
Executing: mv /local/panastas/Div_suite/Divz_-4_coPapersCiteseer.mtx /local/panastas/Div_suite/Oversized_500M/Divz_-4_coPapersCiteseer.mtx
Found oversized file: Divz_-8_venturiLevel3.mtx
Executing: mv /local/panastas/Div_suite/Divz_-8_venturiLevel3.mtx /local/panastas/Div_suite/Oversized_500M/Divz_-8_venturiLevel3.mtx
Found oversized file: Divz_-3_af_shell5.mtx
Executing: mv /local/panastas/Div_suite/Divz_-3_af_shell5.mtx /local/panastas/Div_suite/Oversized_500M/Divz_-3_af_shell5.mtx
Found oversized file: Divz_-4_Ga41As41H72.mtx
Executing: mv /local/panastas/Div_suite/Divz_-4_Ga41As41H72.mtx /local/panastas/Div_suite/Oversized_500M/Divz_-4_Ga41As41H72.mtx
Found oversized file: Divz_4_FullChip.mtx
Executing: mv /local/panastas/Div_suite/Divz_4_FullChip.mtx /local/panastas/Div_suite/Oversized_500M/Divz_4_FullChip.mtx
Found oversized file: Divz_-2_human_gene1.mtx
Executing: mv /local/panastas/Div_suite/Divz_-2_human_gene1.mtx /local/panastas/Div_suite/Oversized_500M/Divz_-2_human_gene1.mtx
Found oversized file: Divz_4_cage14.mtx
Executing: mv /local/panastas/Div_suite/Divz_4_cage14.mtx /local/panastas/Div_suite/Oversized_500M/Divz_4_cage14.mtx
Found oversized file: Divz_4_ldoor.mtx
Executing: mv /local/panastas/Div_suite/Divz_4_ldoor.mtx /local/panastas/Div_suite/Oversized_500M/Divz_4_ldoor.mtx
Found oversized file: Divz_-6_af_3_k101.mtx
Executing: mv /local/panastas/Div_suite/Divz_-6_af_3_k101.mtx /local/panastas/Div_suite/Oversized_500M/Divz_-6_af_3_k101.mtx
Found oversized file: Divz_-6_af_2_k101.mtx
Executing: mv /local/panastas/Div_suite/Divz_-6_af_2_k101.mtx /local/panastas/Div_suite/Oversized_500M/Divz_-6_af_2_k101.mtx
Found oversized file: Divz_-4_memchip.mtx
Executing: mv /local/panastas/Div_suite/Divz_-4_memchip.mtx /local/panastas/Div_suite/Oversized_500M/Divz_-4_memchip.mtx
Found oversized file: Divz_-4_wikipedia-20060925.mtx
Executing: mv /local/panastas/Div_suite/Divz_-4_wikipedia-20060925.mtx /local/panastas/Div_suite/Oversized_500M/Divz_-4_wikipedia-20060925.mtx
Found oversized file: Divz_-8_Si41Ge41H72.mtx
Executing: mv /local/panastas/Div_suite/Divz_-8_Si41Ge41H72.mtx /local/panastas/Div_suite/Oversized_500M/Divz_-8_Si41Ge41H72.mtx
Found oversized file: Divz_-2_StocF-1465.mtx
Executing: mv /local/panastas/Div_suite/Divz_-2_StocF-1465.mtx /local/panastas/Div_suite/Oversized_500M/Divz_-2_StocF-1465.mtx
Found oversized file: Divz_-2_delaunay_n22.mtx
Executing: mv /local/panastas/Div_suite/Divz_-2_delaunay_n22.mtx /local/panastas/Div_suite/Oversized_500M/Divz_-2_delaunay_n22.mtx
Found oversized file: Divz_-3_Si41Ge41H72.mtx
Executing: mv /local/panastas/Div_suite/Divz_-3_Si41Ge41H72.mtx /local/panastas/Div_suite/Oversized_500M/Divz_-3_Si41Ge41H72.mtx
Found oversized file: Divz_-8_CurlCurl_4.mtx
Executing: mv /local/panastas/Div_suite/Divz_-8_CurlCurl_4.mtx /local/panastas/Div_suite/Oversized_500M/Divz_-8_CurlCurl_4.mtx
Found oversized file: Divz_-3_GL7d19.mtx
Executing: mv /local/panastas/Div_suite/Divz_-3_GL7d19.mtx /local/panastas/Div_suite/Oversized_500M/Divz_-3_GL7d19.mtx
Found oversized file: Divz_-6_coPapersDBLP.mtx
Executing: mv /local/panastas/Div_suite/Divz_-6_coPapersDBLP.mtx /local/panastas/Div_suite/Oversized_500M/Divz_-6_coPapersDBLP.mtx
Found oversized file: Divz_-3_nlpkkt80.mtx
Executing: mv /local/panastas/Div_suite/Divz_-3_nlpkkt80.mtx /local/panastas/Div_suite/Oversized_500M/Divz_-3_nlpkkt80.mtx
Found oversized file: Divz_-4_kkt_power.mtx
Executing: mv /local/panastas/Div_suite/Divz_-4_kkt_power.mtx /local/panastas/Div_suite/Oversized_500M/Divz_-4_kkt_power.mtx
Found oversized file: Divz_6_memchip.mtx
Executing: mv /local/panastas/Div_suite/Divz_6_memchip.mtx /local/panastas/Div_suite/Oversized_500M/Divz_6_memchip.mtx
Found oversized file: Divz_-4_eu-2005.mtx
Executing: mv /local/panastas/Div_suite/Divz_-4_eu-2005.mtx /local/panastas/Div_suite/Oversized_500M/Divz_-4_eu-2005.mtx
Found oversized file: Divz_3_Hook_1498.mtx
Executing: mv /local/panastas/Div_suite/Divz_3_Hook_1498.mtx /local/panastas/Div_suite/Oversized_500M/Divz_3_Hook_1498.mtx
Found oversized file: Divz_-4_hugetric-00010.mtx
Executing: mv /local/panastas/Div_suite/Divz_-4_hugetric-00010.mtx /local/panastas/Div_suite/Oversized_500M/Divz_-4_hugetric-00010.mtx
Found oversized file: Divz_8_Emilia_923.mtx
Executing: mv /local/panastas/Div_suite/Divz_8_Emilia_923.mtx /local/panastas/Div_suite/Oversized_500M/Divz_8_Emilia_923.mtx
Found oversized file: Divz_-3_eu-2005.mtx
Executing: mv /local/panastas/Div_suite/Divz_-3_eu-2005.mtx /local/panastas/Div_suite/Oversized_500M/Divz_-3_eu-2005.mtx
Found oversized file: Divz_-8_patents.mtx
Executing: mv /local/panastas/Div_suite/Divz_-8_patents.mtx /local/panastas/Div_suite/Oversized_500M/Divz_-8_patents.mtx
Found oversized file: Divz_-2_hugetric-00000.mtx
Executing: mv /local/panastas/Div_suite/Divz_-2_hugetric-00000.mtx /local/panastas/Div_suite/Oversized_500M/Divz_-2_hugetric-00000.mtx
Found oversized file: Divz_-3_wikipedia-20061104.mtx
Executing: mv /local/panastas/Div_suite/Divz_-3_wikipedia-20061104.mtx /local/panastas/Div_suite/Oversized_500M/Divz_-3_wikipedia-20061104.mtx
Found oversized file: Divz_6_Serena.mtx
Executing: mv /local/panastas/Div_suite/Divz_6_Serena.mtx /local/panastas/Div_suite/Oversized_500M/Divz_6_Serena.mtx
Found oversized file: Divz_-8_mouse_gene.mtx
Executing: mv /local/panastas/Div_suite/Divz_-8_mouse_gene.mtx /local/panastas/Div_suite/Oversized_500M/Divz_-8_mouse_gene.mtx
Found oversized file: Divz_-3_hugetrace-00010.mtx
Executing: mv /local/panastas/Div_suite/Divz_-3_hugetrace-00010.mtx /local/panastas/Div_suite/Oversized_500M/Divz_-3_hugetrace-00010.mtx
Found oversized file: Divz_4_memchip.mtx
Executing: mv /local/panastas/Div_suite/Divz_4_memchip.mtx /local/panastas/Div_suite/Oversized_500M/Divz_4_memchip.mtx
Found oversized file: Divz_2_RM07R.mtx
Executing: mv /local/panastas/Div_suite/Divz_2_RM07R.mtx /local/panastas/Div_suite/Oversized_500M/Divz_2_RM07R.mtx
Found oversized file: Divz_3_Serena.mtx
Executing: mv /local/panastas/Div_suite/Divz_3_Serena.mtx /local/panastas/Div_suite/Oversized_500M/Divz_3_Serena.mtx
Found oversized file: Divz_-8_in-2004.mtx
Executing: mv /local/panastas/Div_suite/Divz_-8_in-2004.mtx /local/panastas/Div_suite/Oversized_500M/Divz_-8_in-2004.mtx
Found oversized file: Divz_3_hugetrace-00010.mtx
Executing: mv /local/panastas/Div_suite/Divz_3_hugetrace-00010.mtx /local/panastas/Div_suite/Oversized_500M/Divz_3_hugetrace-00010.mtx
Found oversized file: Divz_-3_inline_1.mtx
Executing: mv /local/panastas/Div_suite/Divz_-3_inline_1.mtx /local/panastas/Div_suite/Oversized_500M/Divz_-3_inline_1.mtx
Found oversized file: Divz_-3_af_0_k101.mtx
Executing: mv /local/panastas/Div_suite/Divz_-3_af_0_k101.mtx /local/panastas/Div_suite/Oversized_500M/Divz_-3_af_0_k101.mtx
Found oversized file: Divz_2_hugetrace-00010.mtx
Executing: mv /local/panastas/Div_suite/Divz_2_hugetrace-00010.mtx /local/panastas/Div_suite/Oversized_500M/Divz_2_hugetrace-00010.mtx
Found oversized file: Divz_4_packing-500x100x100-b050.mtx
Executing: mv /local/panastas/Div_suite/Divz_4_packing-500x100x100-b050.mtx /local/panastas/Div_suite/Oversized_500M/Divz_4_packing-500x100x100-b050.mtx
Found oversized file: Divz_-4_venturiLevel3.mtx
Executing: mv /local/panastas/Div_suite/Divz_-4_venturiLevel3.mtx /local/panastas/Div_suite/Oversized_500M/Divz_-4_venturiLevel3.mtx
Found oversized file: Divz_-3_RM07R.mtx
Executing: mv /local/panastas/Div_suite/Divz_-3_RM07R.mtx /local/panastas/Div_suite/Oversized_500M/Divz_-3_RM07R.mtx
Found oversized file: Divz_3_hugebubbles-00000.mtx
Executing: mv /local/panastas/Div_suite/Divz_3_hugebubbles-00000.mtx /local/panastas/Div_suite/Oversized_500M/Divz_3_hugebubbles-00000.mtx
Found oversized file: Divz_2_rgg_n_2_22_s0.mtx
Executing: mv /local/panastas/Div_suite/Divz_2_rgg_n_2_22_s0.mtx /local/panastas/Div_suite/Oversized_500M/Divz_2_rgg_n_2_22_s0.mtx
Found oversized file: Divz_-4_nd24k.mtx
Executing: mv /local/panastas/Div_suite/Divz_-4_nd24k.mtx /local/panastas/Div_suite/Oversized_500M/Divz_-4_nd24k.mtx
Found oversized file: Divz_2_CurlCurl_4.mtx
Executing: mv /local/panastas/Div_suite/Divz_2_CurlCurl_4.mtx /local/panastas/Div_suite/Oversized_500M/Divz_2_CurlCurl_4.mtx
Found oversized file: Divz_-6_af_0_k101.mtx
Executing: mv /local/panastas/Div_suite/Divz_-6_af_0_k101.mtx /local/panastas/Div_suite/Oversized_500M/Divz_-6_af_0_k101.mtx
Found oversized file: Divz_-3_F1.mtx
Executing: mv /local/panastas/Div_suite/Divz_-3_F1.mtx /local/panastas/Div_suite/Oversized_500M/Divz_-3_F1.mtx
Found oversized file: Divz_2_kim2.mtx
Executing: mv /local/panastas/Div_suite/Divz_2_kim2.mtx /local/panastas/Div_suite/Oversized_500M/Divz_2_kim2.mtx
Found oversized file: Divz_-3_nd24k.mtx
Executing: mv /local/panastas/Div_suite/Divz_-3_nd24k.mtx /local/panastas/Div_suite/Oversized_500M/Divz_-3_nd24k.mtx
Found oversized file: Divz_8_Serena.mtx
Executing: mv /local/panastas/Div_suite/Divz_8_Serena.mtx /local/panastas/Div_suite/Oversized_500M/Divz_8_Serena.mtx
Found oversized file: Divz_-3_FullChip.mtx
Executing: mv /local/panastas/Div_suite/Divz_-3_FullChip.mtx /local/panastas/Div_suite/Oversized_500M/Divz_-3_FullChip.mtx
Found oversized file: Divz_8_hugetrace-00020.mtx
Executing: mv /local/panastas/Div_suite/Divz_8_hugetrace-00020.mtx /local/panastas/Div_suite/Oversized_500M/Divz_8_hugetrace-00020.mtx
Found oversized file: Divz_-8_memchip.mtx
Executing: mv /local/panastas/Div_suite/Divz_-8_memchip.mtx /local/panastas/Div_suite/Oversized_500M/Divz_-8_memchip.mtx
Found oversized file: Divz_4_bone010.mtx
Executing: mv /local/panastas/Div_suite/Divz_4_bone010.mtx /local/panastas/Div_suite/Oversized_500M/Divz_4_bone010.mtx
Found oversized file: Divz_-3_memchip.mtx
Executing: mv /local/panastas/Div_suite/Divz_-3_memchip.mtx /local/panastas/Div_suite/Oversized_500M/Divz_-3_memchip.mtx
Found oversized file: Divz_6_GL7d18.mtx
Executing: mv /local/panastas/Div_suite/Divz_6_GL7d18.mtx /local/panastas/Div_suite/Oversized_500M/Divz_6_GL7d18.mtx
Found oversized file: Divz_4_RM07R.mtx
Executing: mv /local/panastas/Div_suite/Divz_4_RM07R.mtx /local/panastas/Div_suite/Oversized_500M/Divz_4_RM07R.mtx
Found oversized file: Divz_-8_StocF-1465.mtx
Executing: mv /local/panastas/Div_suite/Divz_-8_StocF-1465.mtx /local/panastas/Div_suite/Oversized_500M/Divz_-8_StocF-1465.mtx
Found a directory: Pics
Found oversized file: Divz_-4_GL7d19.mtx
Executing: mv /local/panastas/Div_suite/Divz_-4_GL7d19.mtx /local/panastas/Div_suite/Oversized_500M/Divz_-4_GL7d19.mtx
Found oversized file: Divz_8_coPapersCiteseer.mtx
Executing: mv /local/panastas/Div_suite/Divz_8_coPapersCiteseer.mtx /local/panastas/Div_suite/Oversized_500M/Divz_8_coPapersCiteseer.mtx
Found oversized file: Divz_-4_delaunay_n22.mtx
Executing: mv /local/panastas/Div_suite/Divz_-4_delaunay_n22.mtx /local/panastas/Div_suite/Oversized_500M/Divz_-4_delaunay_n22.mtx
Found oversized file: Divz_-6_adaptive.mtx
Executing: mv /local/panastas/Div_suite/Divz_-6_adaptive.mtx /local/panastas/Div_suite/Oversized_500M/Divz_-6_adaptive.mtx
Found oversized file: Divz_-3_patents.mtx
Executing: mv /local/panastas/Div_suite/Divz_-3_patents.mtx /local/panastas/Div_suite/Oversized_500M/Divz_-3_patents.mtx
Found oversized file: Divz_-2_FullChip.mtx
Executing: mv /local/panastas/Div_suite/Divz_-2_FullChip.mtx /local/panastas/Div_suite/Oversized_500M/Divz_-2_FullChip.mtx
Found oversized file: Divz_3_dielFilterV3real.mtx
Executing: mv /local/panastas/Div_suite/Divz_3_dielFilterV3real.mtx /local/panastas/Div_suite/Oversized_500M/Divz_3_dielFilterV3real.mtx
Found oversized file: Divz_-4_CurlCurl_4.mtx
Executing: mv /local/panastas/Div_suite/Divz_-4_CurlCurl_4.mtx /local/panastas/Div_suite/Oversized_500M/Divz_-4_CurlCurl_4.mtx
Found oversized file: Divz_-8_hugetric-00000.mtx
Executing: mv /local/panastas/Div_suite/Divz_-8_hugetric-00000.mtx /local/panastas/Div_suite/Oversized_500M/Divz_-8_hugetric-00000.mtx
Found oversized file: Divz_4_kim2.mtx
Executing: mv /local/panastas/Div_suite/Divz_4_kim2.mtx /local/panastas/Div_suite/Oversized_500M/Divz_4_kim2.mtx
Found oversized file: Divz_-2_RM07R.mtx
Executing: mv /local/panastas/Div_suite/Divz_-2_RM07R.mtx /local/panastas/Div_suite/Oversized_500M/Divz_-2_RM07R.mtx
Found empty file: Divz_3_nlpkkt160.mtx
Found oversized file: Divz_8_coPapersDBLP.mtx
Executing: mv /local/panastas/Div_suite/Divz_8_coPapersDBLP.mtx /local/panastas/Div_suite/Oversized_500M/Divz_8_coPapersDBLP.mtx
Found oversized file: Divz_-6_eu-2005.mtx
Executing: mv /local/panastas/Div_suite/Divz_-6_eu-2005.mtx /local/panastas/Div_suite/Oversized_500M/Divz_-6_eu-2005.mtx
Found oversized file: Divz_3_af_shell10.mtx
Executing: mv /local/panastas/Div_suite/Divz_3_af_shell10.mtx /local/panastas/Div_suite/Oversized_500M/Divz_3_af_shell10.mtx
Found oversized file: Divz_4_Serena.mtx
Executing: mv /local/panastas/Div_suite/Divz_4_Serena.mtx /local/panastas/Div_suite/Oversized_500M/Divz_4_Serena.mtx
